Invoking: yes | vsce package --no-dependencies --out ../../output/
Executing prepublish script 'npm run vscode:prepublish'...

> icube-devtool-store@0.0.41 vscode:prepublish
> pnpm build


> icube-devtool-store@0.0.41 build /opt/tiger/compile_path/src/code.byted.org/ide/icube-mono/extensions/icube-devtool-store
> npx cross-env NODE_ENV=production ts-node --files ./build

(node:7171) [DEP_WEBPACK_TEMPLATE_PATH_PLUGIN_REPLACE_PATH_VARIABLES_HASH] DeprecationWarning: [hash] is now [fullhash] (also consider using [chunkhash] or [contenthash], see documentation for details)
(Use `node --trace-deprecation ...` to show where the warning was created)
 DONE  Compiled successfully in 33393ms4:47:32 PM


Upload sourcemaps
> Uploading source maps
Upload Destination: http://apm-open.bytedance.net/api_v2/browser/jserr/upload_sourcemap

logid for debugging:

You did not specify release.
Source Map Upload Report

Start deleting Sourcemap files!
All Sourcemap files had been successfully deleted!
 WARNING  Compiled with 23 warnings4:47:37 PM

 warning  in ./src/webview/components/common/button/index.scss

Module Warning (from ../../common/temp/node_modules/.pnpm/sass-loader@13.3.3_sass@1.83.1+webpack@5.97.1/node_modules/sass-loader/dist/cjs.js):
Deprecation The legacy JS API is deprecated and will be removed in Dart Sass 2.0.0.

More info: https://sass-lang.com/d/legacy-js-api

 warning  in ./src/webview/components/common/clamp/index.scss

Module Warning (from ../../common/temp/node_modules/.pnpm/sass-loader@13.3.3_sass@1.83.1+webpack@5.97.1/node_modules/sass-loader/dist/cjs.js):
Deprecation The legacy JS API is deprecated and will be removed in Dart Sass 2.0.0.

More info: https://sass-lang.com/d/legacy-js-api

 warning  in ./src/webview/components/common/index.scss

Module Warning (from ../../common/temp/node_modules/.pnpm/sass-loader@13.3.3_sass@1.83.1+webpack@5.97.1/node_modules/sass-loader/dist/cjs.js):
Deprecation The legacy JS API is deprecated and will be removed in Dart Sass 2.0.0.

More info: https://sass-lang.com/d/legacy-js-api

 warning  in ./src/webview/components/common/operation-menu/index.scss

Module Warning (from ../../common/temp/node_modules/.pnpm/sass-loader@13.3.3_sass@1.83.1+webpack@5.97.1/node_modules/sass-loader/dist/cjs.js):
Deprecation The legacy JS API is deprecated and will be removed in Dart Sass 2.0.0.

More info: https://sass-lang.com/d/legacy-js-api

 warning  in ./src/webview/components/common/simple-markdown-renderer/index.scss

Module Warning (from ../../common/temp/node_modules/.pnpm/sass-loader@13.3.3_sass@1.83.1+webpack@5.97.1/node_modules/sass-loader/dist/cjs.js):
Deprecation The legacy JS API is deprecated and will be removed in Dart Sass 2.0.0.

More info: https://sass-lang.com/d/legacy-js-api

 warning  in ./src/webview/components/common/tabs/index.scss

Module Warning (from ../../common/temp/node_modules/.pnpm/sass-loader@13.3.3_sass@1.83.1+webpack@5.97.1/node_modules/sass-loader/dist/cjs.js):
Deprecation The legacy JS API is deprecated and will be removed in Dart Sass 2.0.0.

More info: https://sass-lang.com/d/legacy-js-api

 warning  in ./src/webview/components/detail/detail-header/index.scss

Module Warning (from ../../common/temp/node_modules/.pnpm/sass-loader@13.3.3_sass@1.83.1+webpack@5.97.1/node_modules/sass-loader/dist/cjs.js):
Deprecation The legacy JS API is deprecated and will be removed in Dart Sass 2.0.0.

More info: https://sass-lang.com/d/legacy-js-api

 warning  in ./src/webview/components/detail/extension-manifest/index.scss

Module Warning (from ../../common/temp/node_modules/.pnpm/sass-loader@13.3.3_sass@1.83.1+webpack@5.97.1/node_modules/sass-loader/dist/cjs.js):
Deprecation The legacy JS API is deprecated and will be removed in Dart Sass 2.0.0.

More info: https://sass-lang.com/d/legacy-js-api

 warning  in ./src/webview/components/detail/extension-manifest/renderer/index.scss

Module Warning (from ../../common/temp/node_modules/.pnpm/sass-loader@13.3.3_sass@1.83.1+webpack@5.97.1/node_modules/sass-loader/dist/cjs.js):
Deprecation The legacy JS API is deprecated and will be removed in Dart Sass 2.0.0.

More info: https://sass-lang.com/d/legacy-js-api

 warning  in ./src/webview/components/detail/extension-manifest/renderer/markdown-and-table-renderer/index.scss

Module Warning (from ../../common/temp/node_modules/.pnpm/sass-loader@13.3.3_sass@1.83.1+webpack@5.97.1/node_modules/sass-loader/dist/cjs.js):
Deprecation The legacy JS API is deprecated and will be removed in Dart Sass 2.0.0.

More info: https://sass-lang.com/d/legacy-js-api

 warning  in ./src/webview/components/detail/extension-manifest/renderer/markdown-renderer/index.scss

Module Warning (from ../../common/temp/node_modules/.pnpm/sass-loader@13.3.3_sass@1.83.1+webpack@5.97.1/node_modules/sass-loader/dist/cjs.js):
Deprecation The legacy JS API is deprecated and will be removed in Dart Sass 2.0.0.

More info: https://sass-lang.com/d/legacy-js-api

 warning  in ./src/webview/components/detail/extension-manifest/renderer/table-renderer/index.scss

Module Warning (from ../../common/temp/node_modules/.pnpm/sass-loader@13.3.3_sass@1.83.1+webpack@5.97.1/node_modules/sass-loader/dist/cjs.js):
Deprecation The legacy JS API is deprecated and will be removed in Dart Sass 2.0.0.

More info: https://sass-lang.com/d/legacy-js-api

 warning  in ./src/webview/components/detail/extension-pack/index.scss

Module Warning (from ../../common/temp/node_modules/.pnpm/sass-loader@13.3.3_sass@1.83.1+webpack@5.97.1/node_modules/sass-loader/dist/cjs.js):
Deprecation The legacy JS API is deprecated and will be removed in Dart Sass 2.0.0.

More info: https://sass-lang.com/d/legacy-js-api

 warning  in ./src/webview/components/list/extension-list/index.scss

Module Warning (from ../../common/temp/node_modules/.pnpm/sass-loader@13.3.3_sass@1.83.1+webpack@5.97.1/node_modules/sass-loader/dist/cjs.js):
Deprecation The legacy JS API is deprecated and will be removed in Dart Sass 2.0.0.

More info: https://sass-lang.com/d/legacy-js-api

 warning  in ./src/webview/components/list/import-vscode-extension-help/index.scss

Module Warning (from ../../common/temp/node_modules/.pnpm/sass-loader@13.3.3_sass@1.83.1+webpack@5.97.1/node_modules/sass-loader/dist/cjs.js):
Deprecation The legacy JS API is deprecated and will be removed in Dart Sass 2.0.0.

More info: https://sass-lang.com/d/legacy-js-api

 warning  in ./src/webview/components/list/no-extension-found/index.scss

Module Warning (from ../../common/temp/node_modules/.pnpm/sass-loader@13.3.3_sass@1.83.1+webpack@5.97.1/node_modules/sass-loader/dist/cjs.js):
Deprecation The legacy JS API is deprecated and will be removed in Dart Sass 2.0.0.

More info: https://sass-lang.com/d/legacy-js-api

 warning  in ./src/webview/components/list/search-input/index.scss

Module Warning (from ../../common/temp/node_modules/.pnpm/sass-loader@13.3.3_sass@1.83.1+webpack@5.97.1/node_modules/sass-loader/dist/cjs.js):
Deprecation The legacy JS API is deprecated and will be removed in Dart Sass 2.0.0.

More info: https://sass-lang.com/d/legacy-js-api

 warning  in ./src/webview/entries/common.scss

Module Warning (from ../../common/temp/node_modules/.pnpm/sass-loader@13.3.3_sass@1.83.1+webpack@5.97.1/node_modules/sass-loader/dist/cjs.js):
Deprecation The legacy JS API is deprecated and will be removed in Dart Sass 2.0.0.

More info: https://sass-lang.com/d/legacy-js-api

 warning  in ./src/webview/entries/detail.scss

Module Warning (from ../../common/temp/node_modules/.pnpm/sass-loader@13.3.3_sass@1.83.1+webpack@5.97.1/node_modules/sass-loader/dist/cjs.js):
Deprecation The legacy JS API is deprecated and will be removed in Dart Sass 2.0.0.

More info: https://sass-lang.com/d/legacy-js-api

 warning  in ./src/webview/entries/list.scss

Module Warning (from ../../common/temp/node_modules/.pnpm/sass-loader@13.3.3_sass@1.83.1+webpack@5.97.1/node_modules/sass-loader/dist/cjs.js):
Deprecation The legacy JS API is deprecated and will be removed in Dart Sass 2.0.0.

More info: https://sass-lang.com/d/legacy-js-api

 warning  

asset size limit: The following asset(s) exceed the recommended size limit (244 KiB).
This can impact web performance.
Assets: 
  chunk-arco.00536393b8de95d79074.js (1.51 MiB)
  chunk-radix-ui.00536393b8de95d79074.js (884 KiB)
  170.00536393b8de95d79074.js (1.13 MiB)
  570.00536393b8de95d79074.js (451 KiB)

 warning  

entrypoint size limit: The following entrypoint(s) combined asset size exceeds the recommended limit (244 KiB). This can impact web performance.
Entrypoints:
  detail (4.09 MiB)
      chunk-arco.00536393b8de95d79074.js
      chunk-radix-ui.00536393b8de95d79074.js
      170.00536393b8de95d79074.js
      769.00536393b8de95d79074.js
      570.00536393b8de95d79074.js
      detail.00536393b8de95d79074.js
  list (3.98 MiB)
      chunk-arco.00536393b8de95d79074.js
      chunk-radix-ui.00536393b8de95d79074.js
      170.00536393b8de95d79074.js
      570.00536393b8de95d79074.js
      list.00536393b8de95d79074.js


 warning  

webpack performance recommendations: 
You can limit the size of your bundles by using import() or require.ensure to lazy load some parts of your application.
For more info visit https://webpack.js.org/guides/code-splitting/


Upload sourcemaps
> Uploading source maps
Upload Destination: http://apm-open.bytedance.net/api_v2/browser/jserr/upload_sourcemap

logid for debugging:

You did not specify release.
Source Map Upload Report

Start deleting Sourcemap files!
All Sourcemap files had been successfully deleted!
 WARNING  Compiled with 23 warnings4:47:38 PM

 warning  in ./src/webview/components/common/button/index.scss

Module Warning (from ../../common/temp/node_modules/.pnpm/sass-loader@13.3.3_sass@1.83.1+webpack@5.97.1/node_modules/sass-loader/dist/cjs.js):
Deprecation The legacy JS API is deprecated and will be removed in Dart Sass 2.0.0.

More info: https://sass-lang.com/d/legacy-js-api

 warning  in ./src/webview/components/common/clamp/index.scss

Module Warning (from ../../common/temp/node_modules/.pnpm/sass-loader@13.3.3_sass@1.83.1+webpack@5.97.1/node_modules/sass-loader/dist/cjs.js):
Deprecation The legacy JS API is deprecated and will be removed in Dart Sass 2.0.0.

More info: https://sass-lang.com/d/legacy-js-api

 warning  in ./src/webview/components/common/index.scss

Module Warning (from ../../common/temp/node_modules/.pnpm/sass-loader@13.3.3_sass@1.83.1+webpack@5.97.1/node_modules/sass-loader/dist/cjs.js):
Deprecation The legacy JS API is deprecated and will be removed in Dart Sass 2.0.0.

More info: https://sass-lang.com/d/legacy-js-api

 warning  in ./src/webview/components/common/operation-menu/index.scss

Module Warning (from ../../common/temp/node_modules/.pnpm/sass-loader@13.3.3_sass@1.83.1+webpack@5.97.1/node_modules/sass-loader/dist/cjs.js):
Deprecation The legacy JS API is deprecated and will be removed in Dart Sass 2.0.0.

More info: https://sass-lang.com/d/legacy-js-api

 warning  in ./src/webview/components/common/simple-markdown-renderer/index.scss

Module Warning (from ../../common/temp/node_modules/.pnpm/sass-loader@13.3.3_sass@1.83.1+webpack@5.97.1/node_modules/sass-loader/dist/cjs.js):
Deprecation The legacy JS API is deprecated and will be removed in Dart Sass 2.0.0.

More info: https://sass-lang.com/d/legacy-js-api

 warning  in ./src/webview/components/common/tabs/index.scss

Module Warning (from ../../common/temp/node_modules/.pnpm/sass-loader@13.3.3_sass@1.83.1+webpack@5.97.1/node_modules/sass-loader/dist/cjs.js):
Deprecation The legacy JS API is deprecated and will be removed in Dart Sass 2.0.0.

More info: https://sass-lang.com/d/legacy-js-api

 warning  in ./src/webview/components/detail/detail-header/index.scss

Module Warning (from ../../common/temp/node_modules/.pnpm/sass-loader@13.3.3_sass@1.83.1+webpack@5.97.1/node_modules/sass-loader/dist/cjs.js):
Deprecation The legacy JS API is deprecated and will be removed in Dart Sass 2.0.0.

More info: https://sass-lang.com/d/legacy-js-api

 warning  in ./src/webview/components/detail/extension-manifest/index.scss

Module Warning (from ../../common/temp/node_modules/.pnpm/sass-loader@13.3.3_sass@1.83.1+webpack@5.97.1/node_modules/sass-loader/dist/cjs.js):
Deprecation The legacy JS API is deprecated and will be removed in Dart Sass 2.0.0.

More info: https://sass-lang.com/d/legacy-js-api

 warning  in ./src/webview/components/detail/extension-manifest/renderer/index.scss

Module Warning (from ../../common/temp/node_modules/.pnpm/sass-loader@13.3.3_sass@1.83.1+webpack@5.97.1/node_modules/sass-loader/dist/cjs.js):
Deprecation The legacy JS API is deprecated and will be removed in Dart Sass 2.0.0.

More info: https://sass-lang.com/d/legacy-js-api

 warning  in ./src/webview/components/detail/extension-manifest/renderer/markdown-and-table-renderer/index.scss

Module Warning (from ../../common/temp/node_modules/.pnpm/sass-loader@13.3.3_sass@1.83.1+webpack@5.97.1/node_modules/sass-loader/dist/cjs.js):
Deprecation The legacy JS API is deprecated and will be removed in Dart Sass 2.0.0.

More info: https://sass-lang.com/d/legacy-js-api

 warning  in ./src/webview/components/detail/extension-manifest/renderer/markdown-renderer/index.scss

Module Warning (from ../../common/temp/node_modules/.pnpm/sass-loader@13.3.3_sass@1.83.1+webpack@5.97.1/node_modules/sass-loader/dist/cjs.js):
Deprecation The legacy JS API is deprecated and will be removed in Dart Sass 2.0.0.

More info: https://sass-lang.com/d/legacy-js-api

 warning  in ./src/webview/components/detail/extension-manifest/renderer/table-renderer/index.scss

Module Warning (from ../../common/temp/node_modules/.pnpm/sass-loader@13.3.3_sass@1.83.1+webpack@5.97.1/node_modules/sass-loader/dist/cjs.js):
Deprecation The legacy JS API is deprecated and will be removed in Dart Sass 2.0.0.

More info: https://sass-lang.com/d/legacy-js-api

 warning  in ./src/webview/components/detail/extension-pack/index.scss

Module Warning (from ../../common/temp/node_modules/.pnpm/sass-loader@13.3.3_sass@1.83.1+webpack@5.97.1/node_modules/sass-loader/dist/cjs.js):
Deprecation The legacy JS API is deprecated and will be removed in Dart Sass 2.0.0.

More info: https://sass-lang.com/d/legacy-js-api

 warning  in ./src/webview/components/list/extension-list/index.scss

Module Warning (from ../../common/temp/node_modules/.pnpm/sass-loader@13.3.3_sass@1.83.1+webpack@5.97.1/node_modules/sass-loader/dist/cjs.js):
Deprecation The legacy JS API is deprecated and will be removed in Dart Sass 2.0.0.

More info: https://sass-lang.com/d/legacy-js-api

 warning  in ./src/webview/components/list/import-vscode-extension-help/index.scss

Module Warning (from ../../common/temp/node_modules/.pnpm/sass-loader@13.3.3_sass@1.83.1+webpack@5.97.1/node_modules/sass-loader/dist/cjs.js):
Deprecation The legacy JS API is deprecated and will be removed in Dart Sass 2.0.0.

More info: https://sass-lang.com/d/legacy-js-api

 warning  in ./src/webview/components/list/no-extension-found/index.scss

Module Warning (from ../../common/temp/node_modules/.pnpm/sass-loader@13.3.3_sass@1.83.1+webpack@5.97.1/node_modules/sass-loader/dist/cjs.js):
Deprecation The legacy JS API is deprecated and will be removed in Dart Sass 2.0.0.

More info: https://sass-lang.com/d/legacy-js-api

 warning  in ./src/webview/components/list/search-input/index.scss

Module Warning (from ../../common/temp/node_modules/.pnpm/sass-loader@13.3.3_sass@1.83.1+webpack@5.97.1/node_modules/sass-loader/dist/cjs.js):
Deprecation The legacy JS API is deprecated and will be removed in Dart Sass 2.0.0.

More info: https://sass-lang.com/d/legacy-js-api

 warning  in ./src/webview/entries/common.scss

Module Warning (from ../../common/temp/node_modules/.pnpm/sass-loader@13.3.3_sass@1.83.1+webpack@5.97.1/node_modules/sass-loader/dist/cjs.js):
Deprecation The legacy JS API is deprecated and will be removed in Dart Sass 2.0.0.

More info: https://sass-lang.com/d/legacy-js-api

 warning  in ./src/webview/entries/detail.scss

Module Warning (from ../../common/temp/node_modules/.pnpm/sass-loader@13.3.3_sass@1.83.1+webpack@5.97.1/node_modules/sass-loader/dist/cjs.js):
Deprecation The legacy JS API is deprecated and will be removed in Dart Sass 2.0.0.

More info: https://sass-lang.com/d/legacy-js-api

 warning  in ./src/webview/entries/list.scss

Module Warning (from ../../common/temp/node_modules/.pnpm/sass-loader@13.3.3_sass@1.83.1+webpack@5.97.1/node_modules/sass-loader/dist/cjs.js):
Deprecation The legacy JS API is deprecated and will be removed in Dart Sass 2.0.0.

More info: https://sass-lang.com/d/legacy-js-api

 warning  

asset size limit: The following asset(s) exceed the recommended size limit (244 KiB).
This can impact web performance.
Assets: 
  chunk-arco.7e5f8a183ab6134f5fa3.js (1.51 MiB)
  chunk-radix-ui.7e5f8a183ab6134f5fa3.js (884 KiB)
  170.7e5f8a183ab6134f5fa3.js (1.13 MiB)
  570.7e5f8a183ab6134f5fa3.js (451 KiB)

 warning  

entrypoint size limit: The following entrypoint(s) combined asset size exceeds the recommended limit (244 KiB). This can impact web performance.
Entrypoints:
  detail (4.09 MiB)
      chunk-arco.7e5f8a183ab6134f5fa3.js
      chunk-radix-ui.7e5f8a183ab6134f5fa3.js
      170.7e5f8a183ab6134f5fa3.js
      769.7e5f8a183ab6134f5fa3.js
      570.7e5f8a183ab6134f5fa3.js
      detail.7e5f8a183ab6134f5fa3.js
  list (3.98 MiB)
      chunk-arco.7e5f8a183ab6134f5fa3.js
      chunk-radix-ui.7e5f8a183ab6134f5fa3.js
      170.7e5f8a183ab6134f5fa3.js
      570.7e5f8a183ab6134f5fa3.js
      list.7e5f8a183ab6134f5fa3.js


 warning  

webpack performance recommendations: 
You can limit the size of your bundles by using import() or require.ensure to lazy load some parts of your application.
For more info visit https://webpack.js.org/guides/code-splitting/


Upload sourcemaps
> Uploading source maps
Upload Destination: http://apm-open.bytedance.net/api_v2/browser/jserr/upload_sourcemap

logid for debugging:

You did not specify release.
Source Map Upload Report

Start deleting Sourcemap files!
All Sourcemap files had been successfully deleted!
 WARNING  Compiled with 23 warnings4:47:39 PM

 warning  in ./src/webview/components/common/button/index.scss

Module Warning (from ../../common/temp/node_modules/.pnpm/sass-loader@13.3.3_sass@1.83.1+webpack@5.97.1/node_modules/sass-loader/dist/cjs.js):
Deprecation The legacy JS API is deprecated and will be removed in Dart Sass 2.0.0.

More info: https://sass-lang.com/d/legacy-js-api

 warning  in ./src/webview/components/common/clamp/index.scss

Module Warning (from ../../common/temp/node_modules/.pnpm/sass-loader@13.3.3_sass@1.83.1+webpack@5.97.1/node_modules/sass-loader/dist/cjs.js):
Deprecation The legacy JS API is deprecated and will be removed in Dart Sass 2.0.0.

More info: https://sass-lang.com/d/legacy-js-api

 warning  in ./src/webview/components/common/index.scss

Module Warning (from ../../common/temp/node_modules/.pnpm/sass-loader@13.3.3_sass@1.83.1+webpack@5.97.1/node_modules/sass-loader/dist/cjs.js):
Deprecation The legacy JS API is deprecated and will be removed in Dart Sass 2.0.0.

More info: https://sass-lang.com/d/legacy-js-api

 warning  in ./src/webview/components/common/operation-menu/index.scss

Module Warning (from ../../common/temp/node_modules/.pnpm/sass-loader@13.3.3_sass@1.83.1+webpack@5.97.1/node_modules/sass-loader/dist/cjs.js):
Deprecation The legacy JS API is deprecated and will be removed in Dart Sass 2.0.0.

More info: https://sass-lang.com/d/legacy-js-api

 warning  in ./src/webview/components/common/simple-markdown-renderer/index.scss

Module Warning (from ../../common/temp/node_modules/.pnpm/sass-loader@13.3.3_sass@1.83.1+webpack@5.97.1/node_modules/sass-loader/dist/cjs.js):
Deprecation The legacy JS API is deprecated and will be removed in Dart Sass 2.0.0.

More info: https://sass-lang.com/d/legacy-js-api

 warning  in ./src/webview/components/common/tabs/index.scss

Module Warning (from ../../common/temp/node_modules/.pnpm/sass-loader@13.3.3_sass@1.83.1+webpack@5.97.1/node_modules/sass-loader/dist/cjs.js):
Deprecation The legacy JS API is deprecated and will be removed in Dart Sass 2.0.0.

More info: https://sass-lang.com/d/legacy-js-api

 warning  in ./src/webview/components/detail/detail-header/index.scss

Module Warning (from ../../common/temp/node_modules/.pnpm/sass-loader@13.3.3_sass@1.83.1+webpack@5.97.1/node_modules/sass-loader/dist/cjs.js):
Deprecation The legacy JS API is deprecated and will be removed in Dart Sass 2.0.0.

More info: https://sass-lang.com/d/legacy-js-api

 warning  in ./src/webview/components/detail/extension-manifest/index.scss

Module Warning (from ../../common/temp/node_modules/.pnpm/sass-loader@13.3.3_sass@1.83.1+webpack@5.97.1/node_modules/sass-loader/dist/cjs.js):
Deprecation The legacy JS API is deprecated and will be removed in Dart Sass 2.0.0.

More info: https://sass-lang.com/d/legacy-js-api

 warning  in ./src/webview/components/detail/extension-manifest/renderer/index.scss

Module Warning (from ../../common/temp/node_modules/.pnpm/sass-loader@13.3.3_sass@1.83.1+webpack@5.97.1/node_modules/sass-loader/dist/cjs.js):
Deprecation The legacy JS API is deprecated and will be removed in Dart Sass 2.0.0.

More info: https://sass-lang.com/d/legacy-js-api

 warning  in ./src/webview/components/detail/extension-manifest/renderer/markdown-and-table-renderer/index.scss

Module Warning (from ../../common/temp/node_modules/.pnpm/sass-loader@13.3.3_sass@1.83.1+webpack@5.97.1/node_modules/sass-loader/dist/cjs.js):
Deprecation The legacy JS API is deprecated and will be removed in Dart Sass 2.0.0.

More info: https://sass-lang.com/d/legacy-js-api

 warning  in ./src/webview/components/detail/extension-manifest/renderer/markdown-renderer/index.scss

Module Warning (from ../../common/temp/node_modules/.pnpm/sass-loader@13.3.3_sass@1.83.1+webpack@5.97.1/node_modules/sass-loader/dist/cjs.js):
Deprecation The legacy JS API is deprecated and will be removed in Dart Sass 2.0.0.

More info: https://sass-lang.com/d/legacy-js-api

 warning  in ./src/webview/components/detail/extension-manifest/renderer/table-renderer/index.scss

Module Warning (from ../../common/temp/node_modules/.pnpm/sass-loader@13.3.3_sass@1.83.1+webpack@5.97.1/node_modules/sass-loader/dist/cjs.js):
Deprecation The legacy JS API is deprecated and will be removed in Dart Sass 2.0.0.

More info: https://sass-lang.com/d/legacy-js-api

 warning  in ./src/webview/components/detail/extension-pack/index.scss

Module Warning (from ../../common/temp/node_modules/.pnpm/sass-loader@13.3.3_sass@1.83.1+webpack@5.97.1/node_modules/sass-loader/dist/cjs.js):
Deprecation The legacy JS API is deprecated and will be removed in Dart Sass 2.0.0.

More info: https://sass-lang.com/d/legacy-js-api

 warning  in ./src/webview/components/list/extension-list/index.scss

Module Warning (from ../../common/temp/node_modules/.pnpm/sass-loader@13.3.3_sass@1.83.1+webpack@5.97.1/node_modules/sass-loader/dist/cjs.js):
Deprecation The legacy JS API is deprecated and will be removed in Dart Sass 2.0.0.

More info: https://sass-lang.com/d/legacy-js-api

 warning  in ./src/webview/components/list/import-vscode-extension-help/index.scss

Module Warning (from ../../common/temp/node_modules/.pnpm/sass-loader@13.3.3_sass@1.83.1+webpack@5.97.1/node_modules/sass-loader/dist/cjs.js):
Deprecation The legacy JS API is deprecated and will be removed in Dart Sass 2.0.0.

More info: https://sass-lang.com/d/legacy-js-api

 warning  in ./src/webview/components/list/no-extension-found/index.scss

Module Warning (from ../../common/temp/node_modules/.pnpm/sass-loader@13.3.3_sass@1.83.1+webpack@5.97.1/node_modules/sass-loader/dist/cjs.js):
Deprecation The legacy JS API is deprecated and will be removed in Dart Sass 2.0.0.

More info: https://sass-lang.com/d/legacy-js-api

 warning  in ./src/webview/components/list/search-input/index.scss

Module Warning (from ../../common/temp/node_modules/.pnpm/sass-loader@13.3.3_sass@1.83.1+webpack@5.97.1/node_modules/sass-loader/dist/cjs.js):
Deprecation The legacy JS API is deprecated and will be removed in Dart Sass 2.0.0.

More info: https://sass-lang.com/d/legacy-js-api

 warning  in ./src/webview/entries/common.scss

Module Warning (from ../../common/temp/node_modules/.pnpm/sass-loader@13.3.3_sass@1.83.1+webpack@5.97.1/node_modules/sass-loader/dist/cjs.js):
Deprecation The legacy JS API is deprecated and will be removed in Dart Sass 2.0.0.

More info: https://sass-lang.com/d/legacy-js-api

 warning  in ./src/webview/entries/detail.scss

Module Warning (from ../../common/temp/node_modules/.pnpm/sass-loader@13.3.3_sass@1.83.1+webpack@5.97.1/node_modules/sass-loader/dist/cjs.js):
Deprecation The legacy JS API is deprecated and will be removed in Dart Sass 2.0.0.

More info: https://sass-lang.com/d/legacy-js-api

 warning  in ./src/webview/entries/list.scss

Module Warning (from ../../common/temp/node_modules/.pnpm/sass-loader@13.3.3_sass@1.83.1+webpack@5.97.1/node_modules/sass-loader/dist/cjs.js):
Deprecation The legacy JS API is deprecated and will be removed in Dart Sass 2.0.0.

More info: https://sass-lang.com/d/legacy-js-api

 warning  

asset size limit: The following asset(s) exceed the recommended size limit (244 KiB).
This can impact web performance.
Assets: 
  chunk-arco.7e5f8a183ab6134f5fa3.js (1.51 MiB)
  chunk-radix-ui.7e5f8a183ab6134f5fa3.js (884 KiB)
  170.7e5f8a183ab6134f5fa3.js (1.13 MiB)
  570.7e5f8a183ab6134f5fa3.js (451 KiB)

 warning  

entrypoint size limit: The following entrypoint(s) combined asset size exceeds the recommended limit (244 KiB). This can impact web performance.
Entrypoints:
  detail (4.09 MiB)
      chunk-arco.7e5f8a183ab6134f5fa3.js
      chunk-radix-ui.7e5f8a183ab6134f5fa3.js
      170.7e5f8a183ab6134f5fa3.js
      769.7e5f8a183ab6134f5fa3.js
      570.7e5f8a183ab6134f5fa3.js
      detail.7e5f8a183ab6134f5fa3.js
  list (3.98 MiB)
      chunk-arco.7e5f8a183ab6134f5fa3.js
      chunk-radix-ui.7e5f8a183ab6134f5fa3.js
      170.7e5f8a183ab6134f5fa3.js
      570.7e5f8a183ab6134f5fa3.js
      list.7e5f8a183ab6134f5fa3.js


 warning  

webpack performance recommendations: 
You can limit the size of your bundles by using import() or require.ensure to lazy load some parts of your application.
For more info visit https://webpack.js.org/guides/code-splitting/

asset extension.js 1.04 MiB [emitted] [minimized] (name: main)
asset 105.extension.js 4.2 KiB [emitted] [minimized]
orphan modules 313 KiB [orphan] 81 modules
runtime modules 2.62 KiB 11 modules
modules by path ../../common/temp/node_modules/.pnpm/ 1.49 MiB
  cacheable modules 1.43 MiB 297 modules
  ../../common/temp/node_modules/.pnpm/node-fetch@3.3.2/node_modules/node-fetch/sr...(truncated) 58.6 KiB [not cacheable] [built] [code generated]
  ../../common/temp/node_modules/.pnpm/fetch-blob@3.2.0/node_modules/fetch-blob/fr...(truncated) 2.67 KiB [not cacheable] [built] [code generated]
  ../../common/temp/node_modules/.pnpm/supports-color@9.3.1/node_modules/supports-...(truncated) 3.82 KiB [not cacheable] [optional] [built] [code generated]
modules by path ../../packages/ 407 KiB 44 modules
modules by path ./ 116 KiB
  modules by path ./src/utils/*.ts 63.6 KiB 12 modules
  modules by path ./src/*.ts 6.43 KiB 2 modules
  modules by path ./src/module/*.ts 40.5 KiB 2 modules
  ./src/commands/check-update.ts 2.29 KiB [built] [code generated]
  ./package.json 3.55 KiB [built] [code generated]
+ 25 modules
webpack 5.97.1 compiled successfully in 33393 ms

assets by info 4.14 MiB [immutable]
  assets by status 3.94 MiB [big] 4 assets
  + 4 assets
assets by path *.html 5.31 KiB
  asset detail.html 1.99 KiB [emitted]
  + 2 assets
assets by chunk 13.5 KiB (auxiliary name: list)
  asset e2f0e7a0e59a4cc1985cb60fb4986aab.svg 6.75 KiB [emitted] (auxiliary name: list)
  asset 71c8d7d00bb0b95555949964729354f3.svg 6.74 KiB [emitted] (auxiliary name: list)
assets by path *.css 349 bytes
  asset reset.css 276 bytes [emitted] [from: assets/reset.css] [copied]
  asset vscode.css 73 bytes [emitted] [from: assets/vscode.css] [copied]
+ 4 assets
Entrypoint detail [big] 4.09 MiB (1.51 KiB) = 6 assets 2 auxiliary assets
Entrypoint list [big] 3.98 MiB (13.5 KiB) = chunk-arco.00536393b8de95d79074.js 1.51 MiB chunk-radix-ui.00536393b8de95d79074.js 884 KiB 170.00536393b8de95d79074.js 1.13 MiB 570.00536393b8de95d79074.js 451 KiB list.00536393b8de95d79074.js 44.1 KiB 2 auxiliary assets
orphan modules 3.08 MiB [orphan] 782 modules
runtime modules 9.42 KiB 20 modules
cacheable modules 7.02 MiB (javascript) 973 bytes (asset)
  modules by path ../../common/temp/node_modules/.pnpm/ 6.39 MiB 437 modules
  modules by path ./ 197 KiB (javascript) 973 bytes (asset)
    modules by path ./src/webview/components/ 156 KiB (javascript) 973 bytes (asset) 57 modules
    modules by path ./src/webview/entries/ 30.9 KiB 8 modules
    modules by path ./src/webview/hooks/*.ts 3.11 KiB 4 modules
    modules by path ./src/utils/*.ts 3.2 KiB 3 modules
    + 3 modules
  modules by path ../../packages/ 447 KiB 41 modules

WARNING in ./src/webview/components/common/button/index.scss (../../common/temp/node_modules/.pnpm/css-loader@6.8.1_webpack@5.97.1/node_modules/css-loader/dist/cjs.js!../../common/temp/node_modules/.pnpm/sass-loader@13.3.3_sass@1.83.1+webpack@5.97.1/node_modules/sass-loader/dist/cjs.js!./src/webview/components/common/button/index.scss)
Module Warning (from ../../common/temp/node_modules/.pnpm/sass-loader@13.3.3_sass@1.83.1+webpack@5.97.1/node_modules/sass-loader/dist/cjs.js):
Deprecation The legacy JS API is deprecated and will be removed in Dart Sass 2.0.0.

More info: https://sass-lang.com/d/legacy-js-api
 @ ./src/webview/components/common/button/index.scss 8:6-316 22:17-24 26:0-286 26:0-286 27:22-29 27:33-47 27:50-64
 @ ./src/webview/components/common/button/index.tsx 9:0-23
 @ ./src/webview/components/common/index.tsx 41:17-36
 @ ./src/webview/components/detail/detail-header/index.tsx 12:17-40
 @ ./src/webview/entries/detail.tsx 34:24-69

WARNING in ./src/webview/components/common/clamp/index.scss (../../common/temp/node_modules/.pnpm/css-loader@6.8.1_webpack@5.97.1/node_modules/css-loader/dist/cjs.js!../../common/temp/node_modules/.pnpm/sass-loader@13.3.3_sass@1.83.1+webpack@5.97.1/node_modules/sass-loader/dist/cjs.js!./src/webview/components/common/clamp/index.scss)
Module Warning (from ../../common/temp/node_modules/.pnpm/sass-loader@13.3.3_sass@1.83.1+webpack@5.97.1/node_modules/sass-loader/dist/cjs.js):
Deprecation The legacy JS API is deprecated and will be removed in Dart Sass 2.0.0.

More info: https://sass-lang.com/d/legacy-js-api
 @ ./src/webview/components/common/clamp/index.scss 8:6-316 22:17-24 26:0-286 26:0-286 27:22-29 27:33-47 27:50-64
 @ ./src/webview/components/common/clamp/index.tsx 33:0-23
 @ ./src/webview/components/detail/extension-pack/index.tsx 37:32-61
 @ ./src/webview/entries/detail.tsx 40:41-87

WARNING in ./src/webview/components/common/index.scss (../../common/temp/node_modules/.pnpm/css-loader@6.8.1_webpack@5.97.1/node_modules/css-loader/dist/cjs.js!../../common/temp/node_modules/.pnpm/sass-loader@13.3.3_sass@1.83.1+webpack@5.97.1/node_modules/sass-loader/dist/cjs.js!./src/webview/components/common/index.scss)
Module Warning (from ../../common/temp/node_modules/.pnpm/sass-loader@13.3.3_sass@1.83.1+webpack@5.97.1/node_modules/sass-loader/dist/cjs.js):
Deprecation The legacy JS API is deprecated and will be removed in Dart Sass 2.0.0.

More info: https://sass-lang.com/d/legacy-js-api
 @ ./src/webview/components/common/index.scss 8:6-310 22:17-24 26:0-280 26:0-280 27:22-29 27:33-47 27:50-64
 @ ./src/webview/components/common/index.tsx 43:0-23
 @ ./src/webview/components/detail/detail-header/index.tsx 12:17-40
 @ ./src/webview/entries/detail.tsx 34:24-69

WARNING in ./src/webview/components/common/operation-menu/index.scss (../../common/temp/node_modules/.pnpm/css-loader@6.8.1_webpack@5.97.1/node_modules/css-loader/dist/cjs.js!../../common/temp/node_modules/.pnpm/sass-loader@13.3.3_sass@1.83.1+webpack@5.97.1/node_modules/sass-loader/dist/cjs.js!./src/webview/components/common/operation-menu/index.scss)
Module Warning (from ../../common/temp/node_modules/.pnpm/sass-loader@13.3.3_sass@1.83.1+webpack@5.97.1/node_modules/sass-loader/dist/cjs.js):
Deprecation The legacy JS API is deprecated and will be removed in Dart Sass 2.0.0.

More info: https://sass-lang.com/d/legacy-js-api
 @ ./src/webview/components/common/operation-menu/index.scss 8:6-316 22:17-24 26:0-286 26:0-286 27:22-29 27:33-47 27:50-64
 @ ./src/webview/components/common/operation-menu/index.tsx 15:0-23
 @ ./src/webview/components/list/extension-list/list-item.tsx 37:25-63
 @ ./src/webview/components/list/extension-list/index.tsx 30:20-42
 @ ./src/webview/entries/list.tsx 40:25-69

WARNING in ./src/webview/components/common/simple-markdown-renderer/index.scss (../../common/temp/node_modules/.pnpm/css-loader@6.8.1_webpack@5.97.1/node_modules/css-loader/dist/cjs.js!../../common/temp/node_modules/.pnpm/sass-loader@13.3.3_sass@1.83.1+webpack@5.97.1/node_modules/sass-loader/dist/cjs.js!./src/webview/components/common/simple-markdown-renderer/index.scss)
Module Warning (from ../../common/temp/node_modules/.pnpm/sass-loader@13.3.3_sass@1.83.1+webpack@5.97.1/node_modules/sass-loader/dist/cjs.js):
Deprecation The legacy JS API is deprecated and will be removed in Dart Sass 2.0.0.

More info: https://sass-lang.com/d/legacy-js-api
 @ ./src/webview/components/common/simple-markdown-renderer/index.scss 8:6-316 22:17-24 26:0-286 26:0-286 27:22-29 27:33-47 27:50-64
 @ ./src/webview/components/common/simple-markdown-renderer/index.tsx 32:0-23
 @ ./src/webview/components/detail/markdown/index.tsx 32:35-83
 @ ./src/webview/entries/detail.tsx 38:19-59

WARNING in ./src/webview/components/common/tabs/index.scss (../../common/temp/node_modules/.pnpm/css-loader@6.8.1_webpack@5.97.1/node_modules/css-loader/dist/cjs.js!../../common/temp/node_modules/.pnpm/sass-loader@13.3.3_sass@1.83.1+webpack@5.97.1/node_modules/sass-loader/dist/cjs.js!./src/webview/components/common/tabs/index.scss)
Module Warning (from ../../common/temp/node_modules/.pnpm/sass-loader@13.3.3_sass@1.83.1+webpack@5.97.1/node_modules/sass-loader/dist/cjs.js):
Deprecation The legacy JS API is deprecated and will be removed in Dart Sass 2.0.0.

More info: https://sass-lang.com/d/legacy-js-api
 @ ./src/webview/components/common/tabs/index.scss 8:6-316 22:17-24 26:0-286 26:0-286 27:22-29 27:33-47 27:50-64
 @ ./src/webview/components/common/tabs/index.tsx 10:0-23
 @ ./src/webview/entries/detail.tsx 37:15-51

WARNING in ./src/webview/components/detail/detail-header/index.scss (../../common/temp/node_modules/.pnpm/css-loader@6.8.1_webpack@5.97.1/node_modules/css-loader/dist/cjs.js!../../common/temp/node_modules/.pnpm/sass-loader@13.3.3_sass@1.83.1+webpack@5.97.1/node_modules/sass-loader/dist/cjs.js!./src/webview/components/detail/detail-header/index.scss)
Module Warning (from ../../common/temp/node_modules/.pnpm/sass-loader@13.3.3_sass@1.83.1+webpack@5.97.1/node_modules/sass-loader/dist/cjs.js):
Deprecation The legacy JS API is deprecated and will be removed in Dart Sass 2.0.0.

More info: https://sass-lang.com/d/legacy-js-api
 @ ./src/webview/components/detail/detail-header/index.scss 8:6-316 22:17-24 26:0-286 26:0-286 27:22-29 27:33-47 27:50-64
 @ ./src/webview/components/detail/detail-header/index.tsx 14:0-23
 @ ./src/webview/entries/detail.tsx 34:24-69

WARNING in ./src/webview/components/detail/extension-manifest/index.scss (../../common/temp/node_modules/.pnpm/css-loader@6.8.1_webpack@5.97.1/node_modules/css-loader/dist/cjs.js!../../common/temp/node_modules/.pnpm/sass-loader@13.3.3_sass@1.83.1+webpack@5.97.1/node_modules/sass-loader/dist/cjs.js!./src/webview/components/detail/extension-manifest/index.scss)
Module Warning (from ../../common/temp/node_modules/.pnpm/sass-loader@13.3.3_sass@1.83.1+webpack@5.97.1/node_modules/sass-loader/dist/cjs.js):
Deprecation The legacy JS API is deprecated and will be removed in Dart Sass 2.0.0.

More info: https://sass-lang.com/d/legacy-js-api
 @ ./src/webview/components/detail/extension-manifest/index.scss 8:6-316 22:17-24 26:0-286 26:0-286 27:22-29 27:33-47 27:50-64
 @ ./src/webview/components/detail/extension-manifest/index.tsx 32:0-23
 @ ./src/webview/entries/detail.tsx 39:29-79

WARNING in ./src/webview/components/detail/extension-manifest/renderer/index.scss (../../common/temp/node_modules/.pnpm/css-loader@6.8.1_webpack@5.97.1/node_modules/css-loader/dist/cjs.js!../../common/temp/node_modules/.pnpm/sass-loader@13.3.3_sass@1.83.1+webpack@5.97.1/node_modules/sass-loader/dist/cjs.js!./src/webview/components/detail/extension-manifest/renderer/index.scss)
Module Warning (from ../../common/temp/node_modules/.pnpm/sass-loader@13.3.3_sass@1.83.1+webpack@5.97.1/node_modules/sass-loader/dist/cjs.js):
Deprecation The legacy JS API is deprecated and will be removed in Dart Sass 2.0.0.

More info: https://sass-lang.com/d/legacy-js-api
 @ ./src/webview/components/detail/extension-manifest/renderer/index.scss 8:6-322 22:17-24 26:0-292 26:0-292 27:22-29 27:33-47 27:50-64
 @ ./src/webview/components/detail/extension-manifest/renderer/index.tsx 12:0-23
 @ ./src/webview/components/detail/extension-manifest/index.tsx 34:19-40
 @ ./src/webview/entries/detail.tsx 39:29-79

WARNING in ./src/webview/components/detail/extension-manifest/renderer/markdown-and-table-renderer/index.scss (../../common/temp/node_modules/.pnpm/css-loader@6.8.1_webpack@5.97.1/node_modules/css-loader/dist/cjs.js!../../common/temp/node_modules/.pnpm/sass-loader@13.3.3_sass@1.83.1+webpack@5.97.1/node_modules/sass-loader/dist/cjs.js!./src/webview/components/detail/extension-manifest/renderer/markdown-and-table-renderer/index.scss)
Module Warning (from ../../common/temp/node_modules/.pnpm/sass-loader@13.3.3_sass@1.83.1+webpack@5.97.1/node_modules/sass-loader/dist/cjs.js):
Deprecation The legacy JS API is deprecated and will be removed in Dart Sass 2.0.0.

More info: https://sass-lang.com/d/legacy-js-api
 @ ./src/webview/components/detail/extension-manifest/renderer/markdown-and-table-renderer/index.scss 8:6-328 22:17-24 26:0-298 26:0-298 27:22-29 27:33-47 27:50-64
 @ ./src/webview/components/detail/extension-manifest/renderer/markdown-and-table-renderer/index.tsx 11:0-23
 @ ./src/webview/components/detail/extension-manifest/renderer/index.tsx 10:38-78
 @ ./src/webview/components/detail/extension-manifest/index.tsx 34:19-40
 @ ./src/webview/entries/detail.tsx 39:29-79

WARNING in ./src/webview/components/detail/extension-manifest/renderer/markdown-renderer/index.scss (../../common/temp/node_modules/.pnpm/css-loader@6.8.1_webpack@5.97.1/node_modules/css-loader/dist/cjs.js!../../common/temp/node_modules/.pnpm/sass-loader@13.3.3_sass@1.83.1+webpack@5.97.1/node_modules/sass-loader/dist/cjs.js!./src/webview/components/detail/extension-manifest/renderer/markdown-renderer/index.scss)
Module Warning (from ../../common/temp/node_modules/.pnpm/sass-loader@13.3.3_sass@1.83.1+webpack@5.97.1/node_modules/sass-loader/dist/cjs.js):
Deprecation The legacy JS API is deprecated and will be removed in Dart Sass 2.0.0.

More info: https://sass-lang.com/d/legacy-js-api
 @ ./src/webview/components/detail/extension-manifest/renderer/markdown-renderer/index.scss 8:6-328 22:17-24 26:0-298 26:0-298 27:22-29 27:33-47 27:50-64
 @ ./src/webview/components/detail/extension-manifest/renderer/markdown-renderer/index.tsx 7:0-23
 @ ./src/webview/components/detail/extension-manifest/renderer/index.tsx 9:28-58
 @ ./src/webview/components/detail/extension-manifest/index.tsx 34:19-40
 @ ./src/webview/entries/detail.tsx 39:29-79

WARNING in ./src/webview/components/detail/extension-manifest/renderer/table-renderer/index.scss (../../common/temp/node_modules/.pnpm/css-loader@6.8.1_webpack@5.97.1/node_modules/css-loader/dist/cjs.js!../../common/temp/node_modules/.pnpm/sass-loader@13.3.3_sass@1.83.1+webpack@5.97.1/node_modules/sass-loader/dist/cjs.js!./src/webview/components/detail/extension-manifest/renderer/table-renderer/index.scss)
Module Warning (from ../../common/temp/node_modules/.pnpm/sass-loader@13.3.3_sass@1.83.1+webpack@5.97.1/node_modules/sass-loader/dist/cjs.js):
Deprecation The legacy JS API is deprecated and will be removed in Dart Sass 2.0.0.

More info: https://sass-lang.com/d/legacy-js-api
 @ ./src/webview/components/detail/extension-manifest/renderer/table-renderer/index.scss 8:6-328 22:17-24 26:0-298 26:0-298 27:22-29 27:33-47 27:50-64
 @ ./src/webview/components/detail/extension-manifest/renderer/table-renderer/index.tsx 9:0-23
 @ ./src/webview/components/detail/extension-manifest/renderer/index.tsx 8:25-52
 @ ./src/webview/components/detail/extension-manifest/index.tsx 34:19-40
 @ ./src/webview/entries/detail.tsx 39:29-79

WARNING in ./src/webview/components/detail/extension-pack/index.scss (../../common/temp/node_modules/.pnpm/css-loader@6.8.1_webpack@5.97.1/node_modules/css-loader/dist/cjs.js!../../common/temp/node_modules/.pnpm/sass-loader@13.3.3_sass@1.83.1+webpack@5.97.1/node_modules/sass-loader/dist/cjs.js!./src/webview/components/detail/extension-pack/index.scss)
Module Warning (from ../../common/temp/node_modules/.pnpm/sass-loader@13.3.3_sass@1.83.1+webpack@5.97.1/node_modules/sass-loader/dist/cjs.js):
Deprecation The legacy JS API is deprecated and will be removed in Dart Sass 2.0.0.

More info: https://sass-lang.com/d/legacy-js-api
 @ ./src/webview/components/detail/extension-pack/index.scss 8:6-316 22:17-24 26:0-286 26:0-286 27:22-29 27:33-47 27:50-64
 @ ./src/webview/components/detail/extension-pack/index.tsx 32:0-23
 @ ./src/webview/entries/detail.tsx 40:41-87

WARNING in ./src/webview/components/list/extension-list/index.scss (../../common/temp/node_modules/.pnpm/css-loader@6.8.1_webpack@5.97.1/node_modules/css-loader/dist/cjs.js!../../common/temp/node_modules/.pnpm/sass-loader@13.3.3_sass@1.83.1+webpack@5.97.1/node_modules/sass-loader/dist/cjs.js!./src/webview/components/list/extension-list/index.scss)
Module Warning (from ../../common/temp/node_modules/.pnpm/sass-loader@13.3.3_sass@1.83.1+webpack@5.97.1/node_modules/sass-loader/dist/cjs.js):
Deprecation The legacy JS API is deprecated and will be removed in Dart Sass 2.0.0.

More info: https://sass-lang.com/d/legacy-js-api
 @ ./src/webview/components/list/extension-list/index.scss 8:6-316 22:17-24 26:0-286 26:0-286 27:22-29 27:33-47 27:50-64
 @ ./src/webview/components/list/extension-list/index.tsx 32:0-23
 @ ./src/webview/entries/list.tsx 40:25-69

WARNING in ./src/webview/components/list/import-vscode-extension-help/index.scss (../../common/temp/node_modules/.pnpm/css-loader@6.8.1_webpack@5.97.1/node_modules/css-loader/dist/cjs.js!../../common/temp/node_modules/.pnpm/sass-loader@13.3.3_sass@1.83.1+webpack@5.97.1/node_modules/sass-loader/dist/cjs.js!./src/webview/components/list/import-vscode-extension-help/index.scss)
Module Warning (from ../../common/temp/node_modules/.pnpm/sass-loader@13.3.3_sass@1.83.1+webpack@5.97.1/node_modules/sass-loader/dist/cjs.js):
Deprecation The legacy JS API is deprecated and will be removed in Dart Sass 2.0.0.

More info: https://sass-lang.com/d/legacy-js-api
 @ ./src/webview/components/list/import-vscode-extension-help/index.scss 8:6-316 22:17-24 26:0-286 26:0-286 27:22-29 27:33-47 27:50-64
 @ ./src/webview/components/list/import-vscode-extension-help/index.tsx 11:0-23
 @ ./src/webview/entries/list.tsx 42:39-97

WARNING in ./src/webview/components/list/no-extension-found/index.scss (../../common/temp/node_modules/.pnpm/css-loader@6.8.1_webpack@5.97.1/node_modules/css-loader/dist/cjs.js!../../common/temp/node_modules/.pnpm/sass-loader@13.3.3_sass@1.83.1+webpack@5.97.1/node_modules/sass-loader/dist/cjs.js!./src/webview/components/list/no-extension-found/index.scss)
Module Warning (from ../../common/temp/node_modules/.pnpm/sass-loader@13.3.3_sass@1.83.1+webpack@5.97.1/node_modules/sass-loader/dist/cjs.js):
Deprecation The legacy JS API is deprecated and will be removed in Dart Sass 2.0.0.

More info: https://sass-lang.com/d/legacy-js-api
 @ ./src/webview/components/list/no-extension-found/index.scss 8:6-316 22:17-24 26:0-286 26:0-286 27:22-29 27:33-47 27:50-64
 @ ./src/webview/components/list/no-extension-found/index.tsx 12:0-23
 @ ./src/webview/entries/list.tsx 41:29-77

WARNING in ./src/webview/components/list/search-input/index.scss (../../common/temp/node_modules/.pnpm/css-loader@6.8.1_webpack@5.97.1/node_modules/css-loader/dist/cjs.js!../../common/temp/node_modules/.pnpm/sass-loader@13.3.3_sass@1.83.1+webpack@5.97.1/node_modules/sass-loader/dist/cjs.js!./src/webview/components/list/search-input/index.scss)
Module Warning (from ../../common/temp/node_modules/.pnpm/sass-loader@13.3.3_sass@1.83.1+webpack@5.97.1/node_modules/sass-loader/dist/cjs.js):
Deprecation The legacy JS API is deprecated and will be removed in Dart Sass 2.0.0.

More info: https://sass-lang.com/d/legacy-js-api
 @ ./src/webview/components/list/search-input/index.scss 8:6-316 22:17-24 26:0-286 26:0-286 27:22-29 27:33-47 27:50-64
 @ ./src/webview/components/list/search-input/index.tsx 32:0-23
 @ ./src/webview/entries/list.tsx 38:23-65

WARNING in ./src/webview/entries/common.scss (../../common/temp/node_modules/.pnpm/css-loader@6.8.1_webpack@5.97.1/node_modules/css-loader/dist/cjs.js!../../common/temp/node_modules/.pnpm/sass-loader@13.3.3_sass@1.83.1+webpack@5.97.1/node_modules/sass-loader/dist/cjs.js!./src/webview/entries/common.scss)
Module Warning (from ../../common/temp/node_modules/.pnpm/sass-loader@13.3.3_sass@1.83.1+webpack@5.97.1/node_modules/sass-loader/dist/cjs.js):
Deprecation The legacy JS API is deprecated and will be removed in Dart Sass 2.0.0.

More info: https://sass-lang.com/d/legacy-js-api
 @ ./src/webview/entries/common.scss 8:6-305 22:17-24 26:0-275 26:0-275 27:22-29 27:33-47 27:50-64
 @ ./src/webview/entries/detail.tsx 42:0-24

WARNING in ./src/webview/entries/detail.scss (../../common/temp/node_modules/.pnpm/css-loader@6.8.1_webpack@5.97.1/node_modules/css-loader/dist/cjs.js!../../common/temp/node_modules/.pnpm/sass-loader@13.3.3_sass@1.83.1+webpack@5.97.1/node_modules/sass-loader/dist/cjs.js!./src/webview/entries/detail.scss)
Module Warning (from ../../common/temp/node_modules/.pnpm/sass-loader@13.3.3_sass@1.83.1+webpack@5.97.1/node_modules/sass-loader/dist/cjs.js):
Deprecation The legacy JS API is deprecated and will be removed in Dart Sass 2.0.0.

More info: https://sass-lang.com/d/legacy-js-api
 @ ./src/webview/entries/detail.scss 8:6-305 22:17-24 26:0-275 26:0-275 27:22-29 27:33-47 27:50-64
 @ ./src/webview/entries/detail.tsx 43:0-24

WARNING in ./src/webview/entries/list.scss (../../common/temp/node_modules/.pnpm/css-loader@6.8.1_webpack@5.97.1/node_modules/css-loader/dist/cjs.js!../../common/temp/node_modules/.pnpm/sass-loader@13.3.3_sass@1.83.1+webpack@5.97.1/node_modules/sass-loader/dist/cjs.js!./src/webview/entries/list.scss)
Module Warning (from ../../common/temp/node_modules/.pnpm/sass-loader@13.3.3_sass@1.83.1+webpack@5.97.1/node_modules/sass-loader/dist/cjs.js):
Deprecation The legacy JS API is deprecated and will be removed in Dart Sass 2.0.0.

More info: https://sass-lang.com/d/legacy-js-api
 @ ./src/webview/entries/list.scss 8:6-303 22:17-24 26:0-273 26:0-273 27:22-29 27:33-47 27:50-64
 @ ./src/webview/entries/list.tsx 48:0-22

WARNING in asset size limit: The following asset(s) exceed the recommended size limit (244 KiB).
This can impact web performance.
Assets: 
  chunk-arco.00536393b8de95d79074.js (1.51 MiB)
  chunk-radix-ui.00536393b8de95d79074.js (884 KiB)
  170.00536393b8de95d79074.js (1.13 MiB)
  570.00536393b8de95d79074.js (451 KiB)

WARNING in entrypoint size limit: The following entrypoint(s) combined asset size exceeds the recommended limit (244 KiB). This can impact web performance.
Entrypoints:
  detail (4.09 MiB)
      chunk-arco.00536393b8de95d79074.js
      chunk-radix-ui.00536393b8de95d79074.js
      170.00536393b8de95d79074.js
      769.00536393b8de95d79074.js
      570.00536393b8de95d79074.js
      detail.00536393b8de95d79074.js
  list (3.98 MiB)
      chunk-arco.00536393b8de95d79074.js
      chunk-radix-ui.00536393b8de95d79074.js
      170.00536393b8de95d79074.js
      570.00536393b8de95d79074.js
      list.00536393b8de95d79074.js


WARNING in webpack performance recommendations: 
You can limit the size of your bundles by using import() or require.ensure to lazy load some parts of your application.
For more info visit https://webpack.js.org/guides/code-splitting/

webpack 5.97.1 compiled with 23 warnings in 39125 ms

assets by info 4.14 MiB [immutable]
  assets by status 3.94 MiB [big] 4 assets
  + 4 assets
assets by path *.html 5.31 KiB
  asset detail.html 1.99 KiB [emitted]
  + 2 assets
assets by chunk 13.5 KiB (auxiliary name: list)
  asset e2f0e7a0e59a4cc1985cb60fb4986aab.svg 6.75 KiB [emitted] (auxiliary name: list)
  asset 71c8d7d00bb0b95555949964729354f3.svg 6.74 KiB [emitted] (auxiliary name: list)
assets by path *.css 349 bytes
  asset reset.css 276 bytes [emitted] [from: assets/reset.css] [copied]
  asset vscode.css 73 bytes [emitted] [from: assets/vscode.css] [copied]
+ 4 assets
Entrypoint detail [big] 4.09 MiB (1.51 KiB) = 6 assets 2 auxiliary assets
Entrypoint list [big] 3.98 MiB (13.5 KiB) = chunk-arco.7e5f8a183ab6134f5fa3.js 1.51 MiB chunk-radix-ui.7e5f8a183ab6134f5fa3.js 884 KiB 170.7e5f8a183ab6134f5fa3.js 1.13 MiB 570.7e5f8a183ab6134f5fa3.js 451 KiB list.7e5f8a183ab6134f5fa3.js 44.1 KiB 2 auxiliary assets
orphan modules 3.08 MiB [orphan] 782 modules
runtime modules 9.42 KiB 20 modules
cacheable modules 7.02 MiB (javascript) 973 bytes (asset)
  modules by path ../../common/temp/node_modules/.pnpm/ 6.39 MiB 437 modules
  modules by path ./ 197 KiB (javascript) 973 bytes (asset)
    modules by path ./src/webview/components/ 156 KiB (javascript) 973 bytes (asset) 57 modules
    modules by path ./src/webview/entries/ 30.9 KiB 8 modules
    modules by path ./src/webview/hooks/*.ts 3.11 KiB 4 modules
    modules by path ./src/utils/*.ts 3.2 KiB 3 modules
    + 3 modules
  modules by path ../../packages/ 447 KiB 41 modules

WARNING in ./src/webview/components/common/button/index.scss (../../common/temp/node_modules/.pnpm/css-loader@6.8.1_webpack@5.97.1/node_modules/css-loader/dist/cjs.js!../../common/temp/node_modules/.pnpm/sass-loader@13.3.3_sass@1.83.1+webpack@5.97.1/node_modules/sass-loader/dist/cjs.js!./src/webview/components/common/button/index.scss)
Module Warning (from ../../common/temp/node_modules/.pnpm/sass-loader@13.3.3_sass@1.83.1+webpack@5.97.1/node_modules/sass-loader/dist/cjs.js):
Deprecation The legacy JS API is deprecated and will be removed in Dart Sass 2.0.0.

More info: https://sass-lang.com/d/legacy-js-api
 @ ./src/webview/components/common/button/index.scss 8:6-316 22:17-24 26:0-286 26:0-286 27:22-29 27:33-47 27:50-64
 @ ./src/webview/components/common/button/index.tsx 9:0-23
 @ ./src/webview/components/common/index.tsx 41:17-36
 @ ./src/webview/components/detail/detail-header/index.tsx 12:17-40
 @ ./src/webview/entries/detail.tsx 34:24-69

WARNING in ./src/webview/components/common/clamp/index.scss (../../common/temp/node_modules/.pnpm/css-loader@6.8.1_webpack@5.97.1/node_modules/css-loader/dist/cjs.js!../../common/temp/node_modules/.pnpm/sass-loader@13.3.3_sass@1.83.1+webpack@5.97.1/node_modules/sass-loader/dist/cjs.js!./src/webview/components/common/clamp/index.scss)
Module Warning (from ../../common/temp/node_modules/.pnpm/sass-loader@13.3.3_sass@1.83.1+webpack@5.97.1/node_modules/sass-loader/dist/cjs.js):
Deprecation The legacy JS API is deprecated and will be removed in Dart Sass 2.0.0.

More info: https://sass-lang.com/d/legacy-js-api
 @ ./src/webview/components/common/clamp/index.scss 8:6-316 22:17-24 26:0-286 26:0-286 27:22-29 27:33-47 27:50-64
 @ ./src/webview/components/common/clamp/index.tsx 33:0-23
 @ ./src/webview/components/detail/extension-pack/index.tsx 37:32-61
 @ ./src/webview/entries/detail.tsx 40:41-87

WARNING in ./src/webview/components/common/index.scss (../../common/temp/node_modules/.pnpm/css-loader@6.8.1_webpack@5.97.1/node_modules/css-loader/dist/cjs.js!../../common/temp/node_modules/.pnpm/sass-loader@13.3.3_sass@1.83.1+webpack@5.97.1/node_modules/sass-loader/dist/cjs.js!./src/webview/components/common/index.scss)
Module Warning (from ../../common/temp/node_modules/.pnpm/sass-loader@13.3.3_sass@1.83.1+webpack@5.97.1/node_modules/sass-loader/dist/cjs.js):
Deprecation The legacy JS API is deprecated and will be removed in Dart Sass 2.0.0.

More info: https://sass-lang.com/d/legacy-js-api
 @ ./src/webview/components/common/index.scss 8:6-310 22:17-24 26:0-280 26:0-280 27:22-29 27:33-47 27:50-64
 @ ./src/webview/components/common/index.tsx 43:0-23
 @ ./src/webview/components/detail/detail-header/index.tsx 12:17-40
 @ ./src/webview/entries/detail.tsx 34:24-69

WARNING in ./src/webview/components/common/operation-menu/index.scss (../../common/temp/node_modules/.pnpm/css-loader@6.8.1_webpack@5.97.1/node_modules/css-loader/dist/cjs.js!../../common/temp/node_modules/.pnpm/sass-loader@13.3.3_sass@1.83.1+webpack@5.97.1/node_modules/sass-loader/dist/cjs.js!./src/webview/components/common/operation-menu/index.scss)
Module Warning (from ../../common/temp/node_modules/.pnpm/sass-loader@13.3.3_sass@1.83.1+webpack@5.97.1/node_modules/sass-loader/dist/cjs.js):
Deprecation The legacy JS API is deprecated and will be removed in Dart Sass 2.0.0.

More info: https://sass-lang.com/d/legacy-js-api
 @ ./src/webview/components/common/operation-menu/index.scss 8:6-316 22:17-24 26:0-286 26:0-286 27:22-29 27:33-47 27:50-64
 @ ./src/webview/components/common/operation-menu/index.tsx 15:0-23
 @ ./src/webview/components/list/extension-list/list-item.tsx 37:25-63
 @ ./src/webview/components/list/extension-list/index.tsx 30:20-42
 @ ./src/webview/entries/list.tsx 40:25-69

WARNING in ./src/webview/components/common/simple-markdown-renderer/index.scss (../../common/temp/node_modules/.pnpm/css-loader@6.8.1_webpack@5.97.1/node_modules/css-loader/dist/cjs.js!../../common/temp/node_modules/.pnpm/sass-loader@13.3.3_sass@1.83.1+webpack@5.97.1/node_modules/sass-loader/dist/cjs.js!./src/webview/components/common/simple-markdown-renderer/index.scss)
Module Warning (from ../../common/temp/node_modules/.pnpm/sass-loader@13.3.3_sass@1.83.1+webpack@5.97.1/node_modules/sass-loader/dist/cjs.js):
Deprecation The legacy JS API is deprecated and will be removed in Dart Sass 2.0.0.

More info: https://sass-lang.com/d/legacy-js-api
 @ ./src/webview/components/common/simple-markdown-renderer/index.scss 8:6-316 22:17-24 26:0-286 26:0-286 27:22-29 27:33-47 27:50-64
 @ ./src/webview/components/common/simple-markdown-renderer/index.tsx 32:0-23
 @ ./src/webview/components/detail/markdown/index.tsx 32:35-83
 @ ./src/webview/entries/detail.tsx 38:19-59

WARNING in ./src/webview/components/common/tabs/index.scss (../../common/temp/node_modules/.pnpm/css-loader@6.8.1_webpack@5.97.1/node_modules/css-loader/dist/cjs.js!../../common/temp/node_modules/.pnpm/sass-loader@13.3.3_sass@1.83.1+webpack@5.97.1/node_modules/sass-loader/dist/cjs.js!./src/webview/components/common/tabs/index.scss)
Module Warning (from ../../common/temp/node_modules/.pnpm/sass-loader@13.3.3_sass@1.83.1+webpack@5.97.1/node_modules/sass-loader/dist/cjs.js):
Deprecation The legacy JS API is deprecated and will be removed in Dart Sass 2.0.0.

More info: https://sass-lang.com/d/legacy-js-api
 @ ./src/webview/components/common/tabs/index.scss 8:6-316 22:17-24 26:0-286 26:0-286 27:22-29 27:33-47 27:50-64
 @ ./src/webview/components/common/tabs/index.tsx 10:0-23
 @ ./src/webview/entries/detail.tsx 37:15-51

WARNING in ./src/webview/components/detail/detail-header/index.scss (../../common/temp/node_modules/.pnpm/css-loader@6.8.1_webpack@5.97.1/node_modules/css-loader/dist/cjs.js!../../common/temp/node_modules/.pnpm/sass-loader@13.3.3_sass@1.83.1+webpack@5.97.1/node_modules/sass-loader/dist/cjs.js!./src/webview/components/detail/detail-header/index.scss)
Module Warning (from ../../common/temp/node_modules/.pnpm/sass-loader@13.3.3_sass@1.83.1+webpack@5.97.1/node_modules/sass-loader/dist/cjs.js):
Deprecation The legacy JS API is deprecated and will be removed in Dart Sass 2.0.0.

More info: https://sass-lang.com/d/legacy-js-api
 @ ./src/webview/components/detail/detail-header/index.scss 8:6-316 22:17-24 26:0-286 26:0-286 27:22-29 27:33-47 27:50-64
 @ ./src/webview/components/detail/detail-header/index.tsx 14:0-23
 @ ./src/webview/entries/detail.tsx 34:24-69

WARNING in ./src/webview/components/detail/extension-manifest/index.scss (../../common/temp/node_modules/.pnpm/css-loader@6.8.1_webpack@5.97.1/node_modules/css-loader/dist/cjs.js!../../common/temp/node_modules/.pnpm/sass-loader@13.3.3_sass@1.83.1+webpack@5.97.1/node_modules/sass-loader/dist/cjs.js!./src/webview/components/detail/extension-manifest/index.scss)
Module Warning (from ../../common/temp/node_modules/.pnpm/sass-loader@13.3.3_sass@1.83.1+webpack@5.97.1/node_modules/sass-loader/dist/cjs.js):
Deprecation The legacy JS API is deprecated and will be removed in Dart Sass 2.0.0.

More info: https://sass-lang.com/d/legacy-js-api
 @ ./src/webview/components/detail/extension-manifest/index.scss 8:6-316 22:17-24 26:0-286 26:0-286 27:22-29 27:33-47 27:50-64
 @ ./src/webview/components/detail/extension-manifest/index.tsx 32:0-23
 @ ./src/webview/entries/detail.tsx 39:29-79

WARNING in ./src/webview/components/detail/extension-manifest/renderer/index.scss (../../common/temp/node_modules/.pnpm/css-loader@6.8.1_webpack@5.97.1/node_modules/css-loader/dist/cjs.js!../../common/temp/node_modules/.pnpm/sass-loader@13.3.3_sass@1.83.1+webpack@5.97.1/node_modules/sass-loader/dist/cjs.js!./src/webview/components/detail/extension-manifest/renderer/index.scss)
Module Warning (from ../../common/temp/node_modules/.pnpm/sass-loader@13.3.3_sass@1.83.1+webpack@5.97.1/node_modules/sass-loader/dist/cjs.js):
Deprecation The legacy JS API is deprecated and will be removed in Dart Sass 2.0.0.

More info: https://sass-lang.com/d/legacy-js-api
 @ ./src/webview/components/detail/extension-manifest/renderer/index.scss 8:6-322 22:17-24 26:0-292 26:0-292 27:22-29 27:33-47 27:50-64
 @ ./src/webview/components/detail/extension-manifest/renderer/index.tsx 12:0-23
 @ ./src/webview/components/detail/extension-manifest/index.tsx 34:19-40
 @ ./src/webview/entries/detail.tsx 39:29-79

WARNING in ./src/webview/components/detail/extension-manifest/renderer/markdown-and-table-renderer/index.scss (../../common/temp/node_modules/.pnpm/css-loader@6.8.1_webpack@5.97.1/node_modules/css-loader/dist/cjs.js!../../common/temp/node_modules/.pnpm/sass-loader@13.3.3_sass@1.83.1+webpack@5.97.1/node_modules/sass-loader/dist/cjs.js!./src/webview/components/detail/extension-manifest/renderer/markdown-and-table-renderer/index.scss)
Module Warning (from ../../common/temp/node_modules/.pnpm/sass-loader@13.3.3_sass@1.83.1+webpack@5.97.1/node_modules/sass-loader/dist/cjs.js):
Deprecation The legacy JS API is deprecated and will be removed in Dart Sass 2.0.0.

More info: https://sass-lang.com/d/legacy-js-api
 @ ./src/webview/components/detail/extension-manifest/renderer/markdown-and-table-renderer/index.scss 8:6-328 22:17-24 26:0-298 26:0-298 27:22-29 27:33-47 27:50-64
 @ ./src/webview/components/detail/extension-manifest/renderer/markdown-and-table-renderer/index.tsx 11:0-23
 @ ./src/webview/components/detail/extension-manifest/renderer/index.tsx 10:38-78
 @ ./src/webview/components/detail/extension-manifest/index.tsx 34:19-40
 @ ./src/webview/entries/detail.tsx 39:29-79

WARNING in ./src/webview/components/detail/extension-manifest/renderer/markdown-renderer/index.scss (../../common/temp/node_modules/.pnpm/css-loader@6.8.1_webpack@5.97.1/node_modules/css-loader/dist/cjs.js!../../common/temp/node_modules/.pnpm/sass-loader@13.3.3_sass@1.83.1+webpack@5.97.1/node_modules/sass-loader/dist/cjs.js!./src/webview/components/detail/extension-manifest/renderer/markdown-renderer/index.scss)
Module Warning (from ../../common/temp/node_modules/.pnpm/sass-loader@13.3.3_sass@1.83.1+webpack@5.97.1/node_modules/sass-loader/dist/cjs.js):
Deprecation The legacy JS API is deprecated and will be removed in Dart Sass 2.0.0.

More info: https://sass-lang.com/d/legacy-js-api
 @ ./src/webview/components/detail/extension-manifest/renderer/markdown-renderer/index.scss 8:6-328 22:17-24 26:0-298 26:0-298 27:22-29 27:33-47 27:50-64
 @ ./src/webview/components/detail/extension-manifest/renderer/markdown-renderer/index.tsx 7:0-23
 @ ./src/webview/components/detail/extension-manifest/renderer/index.tsx 9:28-58
 @ ./src/webview/components/detail/extension-manifest/index.tsx 34:19-40
 @ ./src/webview/entries/detail.tsx 39:29-79

WARNING in ./src/webview/components/detail/extension-manifest/renderer/table-renderer/index.scss (../../common/temp/node_modules/.pnpm/css-loader@6.8.1_webpack@5.97.1/node_modules/css-loader/dist/cjs.js!../../common/temp/node_modules/.pnpm/sass-loader@13.3.3_sass@1.83.1+webpack@5.97.1/node_modules/sass-loader/dist/cjs.js!./src/webview/components/detail/extension-manifest/renderer/table-renderer/index.scss)
Module Warning (from ../../common/temp/node_modules/.pnpm/sass-loader@13.3.3_sass@1.83.1+webpack@5.97.1/node_modules/sass-loader/dist/cjs.js):
Deprecation The legacy JS API is deprecated and will be removed in Dart Sass 2.0.0.

More info: https://sass-lang.com/d/legacy-js-api
 @ ./src/webview/components/detail/extension-manifest/renderer/table-renderer/index.scss 8:6-328 22:17-24 26:0-298 26:0-298 27:22-29 27:33-47 27:50-64
 @ ./src/webview/components/detail/extension-manifest/renderer/table-renderer/index.tsx 9:0-23
 @ ./src/webview/components/detail/extension-manifest/renderer/index.tsx 8:25-52
 @ ./src/webview/components/detail/extension-manifest/index.tsx 34:19-40
 @ ./src/webview/entries/detail.tsx 39:29-79

WARNING in ./src/webview/components/detail/extension-pack/index.scss (../../common/temp/node_modules/.pnpm/css-loader@6.8.1_webpack@5.97.1/node_modules/css-loader/dist/cjs.js!../../common/temp/node_modules/.pnpm/sass-loader@13.3.3_sass@1.83.1+webpack@5.97.1/node_modules/sass-loader/dist/cjs.js!./src/webview/components/detail/extension-pack/index.scss)
Module Warning (from ../../common/temp/node_modules/.pnpm/sass-loader@13.3.3_sass@1.83.1+webpack@5.97.1/node_modules/sass-loader/dist/cjs.js):
Deprecation The legacy JS API is deprecated and will be removed in Dart Sass 2.0.0.

More info: https://sass-lang.com/d/legacy-js-api
 @ ./src/webview/components/detail/extension-pack/index.scss 8:6-316 22:17-24 26:0-286 26:0-286 27:22-29 27:33-47 27:50-64
 @ ./src/webview/components/detail/extension-pack/index.tsx 32:0-23
 @ ./src/webview/entries/detail.tsx 40:41-87

WARNING in ./src/webview/components/list/extension-list/index.scss (../../common/temp/node_modules/.pnpm/css-loader@6.8.1_webpack@5.97.1/node_modules/css-loader/dist/cjs.js!../../common/temp/node_modules/.pnpm/sass-loader@13.3.3_sass@1.83.1+webpack@5.97.1/node_modules/sass-loader/dist/cjs.js!./src/webview/components/list/extension-list/index.scss)
Module Warning (from ../../common/temp/node_modules/.pnpm/sass-loader@13.3.3_sass@1.83.1+webpack@5.97.1/node_modules/sass-loader/dist/cjs.js):
Deprecation The legacy JS API is deprecated and will be removed in Dart Sass 2.0.0.

More info: https://sass-lang.com/d/legacy-js-api
 @ ./src/webview/components/list/extension-list/index.scss 8:6-316 22:17-24 26:0-286 26:0-286 27:22-29 27:33-47 27:50-64
 @ ./src/webview/components/list/extension-list/index.tsx 32:0-23
 @ ./src/webview/entries/list.tsx 40:25-69

WARNING in ./src/webview/components/list/import-vscode-extension-help/index.scss (../../common/temp/node_modules/.pnpm/css-loader@6.8.1_webpack@5.97.1/node_modules/css-loader/dist/cjs.js!../../common/temp/node_modules/.pnpm/sass-loader@13.3.3_sass@1.83.1+webpack@5.97.1/node_modules/sass-loader/dist/cjs.js!./src/webview/components/list/import-vscode-extension-help/index.scss)
Module Warning (from ../../common/temp/node_modules/.pnpm/sass-loader@13.3.3_sass@1.83.1+webpack@5.97.1/node_modules/sass-loader/dist/cjs.js):
Deprecation The legacy JS API is deprecated and will be removed in Dart Sass 2.0.0.

More info: https://sass-lang.com/d/legacy-js-api
 @ ./src/webview/components/list/import-vscode-extension-help/index.scss 8:6-316 22:17-24 26:0-286 26:0-286 27:22-29 27:33-47 27:50-64
 @ ./src/webview/components/list/import-vscode-extension-help/index.tsx 11:0-23
 @ ./src/webview/entries/list.tsx 42:39-97

WARNING in ./src/webview/components/list/no-extension-found/index.scss (../../common/temp/node_modules/.pnpm/css-loader@6.8.1_webpack@5.97.1/node_modules/css-loader/dist/cjs.js!../../common/temp/node_modules/.pnpm/sass-loader@13.3.3_sass@1.83.1+webpack@5.97.1/node_modules/sass-loader/dist/cjs.js!./src/webview/components/list/no-extension-found/index.scss)
Module Warning (from ../../common/temp/node_modules/.pnpm/sass-loader@13.3.3_sass@1.83.1+webpack@5.97.1/node_modules/sass-loader/dist/cjs.js):
Deprecation The legacy JS API is deprecated and will be removed in Dart Sass 2.0.0.

More info: https://sass-lang.com/d/legacy-js-api
 @ ./src/webview/components/list/no-extension-found/index.scss 8:6-316 22:17-24 26:0-286 26:0-286 27:22-29 27:33-47 27:50-64
 @ ./src/webview/components/list/no-extension-found/index.tsx 12:0-23
 @ ./src/webview/entries/list.tsx 41:29-77

WARNING in ./src/webview/components/list/search-input/index.scss (../../common/temp/node_modules/.pnpm/css-loader@6.8.1_webpack@5.97.1/node_modules/css-loader/dist/cjs.js!../../common/temp/node_modules/.pnpm/sass-loader@13.3.3_sass@1.83.1+webpack@5.97.1/node_modules/sass-loader/dist/cjs.js!./src/webview/components/list/search-input/index.scss)
Module Warning (from ../../common/temp/node_modules/.pnpm/sass-loader@13.3.3_sass@1.83.1+webpack@5.97.1/node_modules/sass-loader/dist/cjs.js):
Deprecation The legacy JS API is deprecated and will be removed in Dart Sass 2.0.0.

More info: https://sass-lang.com/d/legacy-js-api
 @ ./src/webview/components/list/search-input/index.scss 8:6-316 22:17-24 26:0-286 26:0-286 27:22-29 27:33-47 27:50-64
 @ ./src/webview/components/list/search-input/index.tsx 32:0-23
 @ ./src/webview/entries/list.tsx 38:23-65

WARNING in ./src/webview/entries/common.scss (../../common/temp/node_modules/.pnpm/css-loader@6.8.1_webpack@5.97.1/node_modules/css-loader/dist/cjs.js!../../common/temp/node_modules/.pnpm/sass-loader@13.3.3_sass@1.83.1+webpack@5.97.1/node_modules/sass-loader/dist/cjs.js!./src/webview/entries/common.scss)
Module Warning (from ../../common/temp/node_modules/.pnpm/sass-loader@13.3.3_sass@1.83.1+webpack@5.97.1/node_modules/sass-loader/dist/cjs.js):
Deprecation The legacy JS API is deprecated and will be removed in Dart Sass 2.0.0.

More info: https://sass-lang.com/d/legacy-js-api
 @ ./src/webview/entries/common.scss 8:6-305 22:17-24 26:0-275 26:0-275 27:22-29 27:33-47 27:50-64
 @ ./src/webview/entries/detail.tsx 42:0-24

WARNING in ./src/webview/entries/detail.scss (../../common/temp/node_modules/.pnpm/css-loader@6.8.1_webpack@5.97.1/node_modules/css-loader/dist/cjs.js!../../common/temp/node_modules/.pnpm/sass-loader@13.3.3_sass@1.83.1+webpack@5.97.1/node_modules/sass-loader/dist/cjs.js!./src/webview/entries/detail.scss)
Module Warning (from ../../common/temp/node_modules/.pnpm/sass-loader@13.3.3_sass@1.83.1+webpack@5.97.1/node_modules/sass-loader/dist/cjs.js):
Deprecation The legacy JS API is deprecated and will be removed in Dart Sass 2.0.0.

More info: https://sass-lang.com/d/legacy-js-api
 @ ./src/webview/entries/detail.scss 8:6-305 22:17-24 26:0-275 26:0-275 27:22-29 27:33-47 27:50-64
 @ ./src/webview/entries/detail.tsx 43:0-24

WARNING in ./src/webview/entries/list.scss (../../common/temp/node_modules/.pnpm/css-loader@6.8.1_webpack@5.97.1/node_modules/css-loader/dist/cjs.js!../../common/temp/node_modules/.pnpm/sass-loader@13.3.3_sass@1.83.1+webpack@5.97.1/node_modules/sass-loader/dist/cjs.js!./src/webview/entries/list.scss)
Module Warning (from ../../common/temp/node_modules/.pnpm/sass-loader@13.3.3_sass@1.83.1+webpack@5.97.1/node_modules/sass-loader/dist/cjs.js):
Deprecation The legacy JS API is deprecated and will be removed in Dart Sass 2.0.0.

More info: https://sass-lang.com/d/legacy-js-api
 @ ./src/webview/entries/list.scss 8:6-303 22:17-24 26:0-273 26:0-273 27:22-29 27:33-47 27:50-64
 @ ./src/webview/entries/list.tsx 48:0-22

WARNING in asset size limit: The following asset(s) exceed the recommended size limit (244 KiB).
This can impact web performance.
Assets: 
  chunk-arco.7e5f8a183ab6134f5fa3.js (1.51 MiB)
  chunk-radix-ui.7e5f8a183ab6134f5fa3.js (884 KiB)
  170.7e5f8a183ab6134f5fa3.js (1.13 MiB)
  570.7e5f8a183ab6134f5fa3.js (451 KiB)

WARNING in entrypoint size limit: The following entrypoint(s) combined asset size exceeds the recommended limit (244 KiB). This can impact web performance.
Entrypoints:
  detail (4.09 MiB)
      chunk-arco.7e5f8a183ab6134f5fa3.js
      chunk-radix-ui.7e5f8a183ab6134f5fa3.js
      170.7e5f8a183ab6134f5fa3.js
      769.7e5f8a183ab6134f5fa3.js
      570.7e5f8a183ab6134f5fa3.js
      detail.7e5f8a183ab6134f5fa3.js
  list (3.98 MiB)
      chunk-arco.7e5f8a183ab6134f5fa3.js
      chunk-radix-ui.7e5f8a183ab6134f5fa3.js
      170.7e5f8a183ab6134f5fa3.js
      570.7e5f8a183ab6134f5fa3.js
      list.7e5f8a183ab6134f5fa3.js


WARNING in webpack performance recommendations: 
You can limit the size of your bundles by using import() or require.ensure to lazy load some parts of your application.
For more info visit https://webpack.js.org/guides/code-splitting/

webpack 5.97.1 compiled with 23 warnings in 40465 ms

assets by info 4.14 MiB [immutable]
  assets by status 3.94 MiB [big] 4 assets
  + 4 assets
assets by path *.html 5.31 KiB
  asset detail.html 1.99 KiB [emitted]
  + 2 assets
assets by chunk 13.5 KiB (auxiliary name: list)
  asset e2f0e7a0e59a4cc1985cb60fb4986aab.svg 6.75 KiB [emitted] (auxiliary name: list)
  asset 71c8d7d00bb0b95555949964729354f3.svg 6.74 KiB [emitted] (auxiliary name: list)
assets by path *.css 349 bytes
  asset reset.css 276 bytes [emitted] [from: assets/reset.css] [copied]
  asset vscode.css 73 bytes [emitted] [from: assets/vscode.css] [copied]
+ 4 assets
Entrypoint detail [big] 4.09 MiB (1.51 KiB) = 6 assets 2 auxiliary assets
Entrypoint list [big] 3.98 MiB (13.5 KiB) = chunk-arco.7e5f8a183ab6134f5fa3.js 1.51 MiB chunk-radix-ui.7e5f8a183ab6134f5fa3.js 884 KiB 170.7e5f8a183ab6134f5fa3.js 1.13 MiB 570.7e5f8a183ab6134f5fa3.js 451 KiB list.7e5f8a183ab6134f5fa3.js 44.1 KiB 2 auxiliary assets
orphan modules 3.08 MiB [orphan] 782 modules
runtime modules 9.42 KiB 20 modules
cacheable modules 7.02 MiB (javascript) 973 bytes (asset)
  modules by path ../../common/temp/node_modules/.pnpm/ 6.39 MiB 437 modules
  modules by path ./ 197 KiB (javascript) 973 bytes (asset)
    modules by path ./src/webview/components/ 156 KiB (javascript) 973 bytes (asset) 57 modules
    modules by path ./src/webview/entries/ 30.9 KiB 8 modules
    modules by path ./src/webview/hooks/*.ts 3.11 KiB 4 modules
    modules by path ./src/utils/*.ts 3.2 KiB 3 modules
    + 3 modules
  modules by path ../../packages/ 447 KiB 41 modules

WARNING in ./src/webview/components/common/button/index.scss (../../common/temp/node_modules/.pnpm/css-loader@6.8.1_webpack@5.97.1/node_modules/css-loader/dist/cjs.js!../../common/temp/node_modules/.pnpm/sass-loader@13.3.3_sass@1.83.1+webpack@5.97.1/node_modules/sass-loader/dist/cjs.js!./src/webview/components/common/button/index.scss)
Module Warning (from ../../common/temp/node_modules/.pnpm/sass-loader@13.3.3_sass@1.83.1+webpack@5.97.1/node_modules/sass-loader/dist/cjs.js):
Deprecation The legacy JS API is deprecated and will be removed in Dart Sass 2.0.0.

More info: https://sass-lang.com/d/legacy-js-api
 @ ./src/webview/components/common/button/index.scss 8:6-316 22:17-24 26:0-286 26:0-286 27:22-29 27:33-47 27:50-64
 @ ./src/webview/components/common/button/index.tsx 9:0-23
 @ ./src/webview/components/common/index.tsx 41:17-36
 @ ./src/webview/components/detail/detail-header/index.tsx 12:17-40
 @ ./src/webview/entries/detail.tsx 34:24-69

WARNING in ./src/webview/components/common/clamp/index.scss (../../common/temp/node_modules/.pnpm/css-loader@6.8.1_webpack@5.97.1/node_modules/css-loader/dist/cjs.js!../../common/temp/node_modules/.pnpm/sass-loader@13.3.3_sass@1.83.1+webpack@5.97.1/node_modules/sass-loader/dist/cjs.js!./src/webview/components/common/clamp/index.scss)
Module Warning (from ../../common/temp/node_modules/.pnpm/sass-loader@13.3.3_sass@1.83.1+webpack@5.97.1/node_modules/sass-loader/dist/cjs.js):
Deprecation The legacy JS API is deprecated and will be removed in Dart Sass 2.0.0.

More info: https://sass-lang.com/d/legacy-js-api
 @ ./src/webview/components/common/clamp/index.scss 8:6-316 22:17-24 26:0-286 26:0-286 27:22-29 27:33-47 27:50-64
 @ ./src/webview/components/common/clamp/index.tsx 33:0-23
 @ ./src/webview/components/detail/detail-header/index.tsx 15:32-61
 @ ./src/webview/entries/detail.tsx 34:24-69

WARNING in ./src/webview/components/common/index.scss (../../common/temp/node_modules/.pnpm/css-loader@6.8.1_webpack@5.97.1/node_modules/css-loader/dist/cjs.js!../../common/temp/node_modules/.pnpm/sass-loader@13.3.3_sass@1.83.1+webpack@5.97.1/node_modules/sass-loader/dist/cjs.js!./src/webview/components/common/index.scss)
Module Warning (from ../../common/temp/node_modules/.pnpm/sass-loader@13.3.3_sass@1.83.1+webpack@5.97.1/node_modules/sass-loader/dist/cjs.js):
Deprecation The legacy JS API is deprecated and will be removed in Dart Sass 2.0.0.

More info: https://sass-lang.com/d/legacy-js-api
 @ ./src/webview/components/common/index.scss 8:6-310 22:17-24 26:0-280 26:0-280 27:22-29 27:33-47 27:50-64
 @ ./src/webview/components/common/index.tsx 43:0-23
 @ ./src/webview/components/detail/detail-header/index.tsx 12:17-40
 @ ./src/webview/entries/detail.tsx 34:24-69

WARNING in ./src/webview/components/common/operation-menu/index.scss (../../common/temp/node_modules/.pnpm/css-loader@6.8.1_webpack@5.97.1/node_modules/css-loader/dist/cjs.js!../../common/temp/node_modules/.pnpm/sass-loader@13.3.3_sass@1.83.1+webpack@5.97.1/node_modules/sass-loader/dist/cjs.js!./src/webview/components/common/operation-menu/index.scss)
Module Warning (from ../../common/temp/node_modules/.pnpm/sass-loader@13.3.3_sass@1.83.1+webpack@5.97.1/node_modules/sass-loader/dist/cjs.js):
Deprecation The legacy JS API is deprecated and will be removed in Dart Sass 2.0.0.

More info: https://sass-lang.com/d/legacy-js-api
 @ ./src/webview/components/common/operation-menu/index.scss 8:6-316 22:17-24 26:0-286 26:0-286 27:22-29 27:33-47 27:50-64
 @ ./src/webview/components/common/operation-menu/index.tsx 15:0-23
 @ ./src/webview/components/list/extension-list/list-item.tsx 37:25-63
 @ ./src/webview/components/list/extension-list/index.tsx 30:20-42
 @ ./src/webview/entries/list.tsx 40:25-69

WARNING in ./src/webview/components/common/simple-markdown-renderer/index.scss (../../common/temp/node_modules/.pnpm/css-loader@6.8.1_webpack@5.97.1/node_modules/css-loader/dist/cjs.js!../../common/temp/node_modules/.pnpm/sass-loader@13.3.3_sass@1.83.1+webpack@5.97.1/node_modules/sass-loader/dist/cjs.js!./src/webview/components/common/simple-markdown-renderer/index.scss)
Module Warning (from ../../common/temp/node_modules/.pnpm/sass-loader@13.3.3_sass@1.83.1+webpack@5.97.1/node_modules/sass-loader/dist/cjs.js):
Deprecation The legacy JS API is deprecated and will be removed in Dart Sass 2.0.0.

More info: https://sass-lang.com/d/legacy-js-api
 @ ./src/webview/components/common/simple-markdown-renderer/index.scss 8:6-316 22:17-24 26:0-286 26:0-286 27:22-29 27:33-47 27:50-64
 @ ./src/webview/components/common/simple-markdown-renderer/index.tsx 32:0-23
 @ ./src/webview/components/detail/markdown/index.tsx 32:35-83
 @ ./src/webview/entries/detail.tsx 38:19-59

WARNING in ./src/webview/components/common/tabs/index.scss (../../common/temp/node_modules/.pnpm/css-loader@6.8.1_webpack@5.97.1/node_modules/css-loader/dist/cjs.js!../../common/temp/node_modules/.pnpm/sass-loader@13.3.3_sass@1.83.1+webpack@5.97.1/node_modules/sass-loader/dist/cjs.js!./src/webview/components/common/tabs/index.scss)
Module Warning (from ../../common/temp/node_modules/.pnpm/sass-loader@13.3.3_sass@1.83.1+webpack@5.97.1/node_modules/sass-loader/dist/cjs.js):
Deprecation The legacy JS API is deprecated and will be removed in Dart Sass 2.0.0.

More info: https://sass-lang.com/d/legacy-js-api
 @ ./src/webview/components/common/tabs/index.scss 8:6-316 22:17-24 26:0-286 26:0-286 27:22-29 27:33-47 27:50-64
 @ ./src/webview/components/common/tabs/index.tsx 10:0-23
 @ ./src/webview/entries/detail.tsx 37:15-51

WARNING in ./src/webview/components/detail/detail-header/index.scss (../../common/temp/node_modules/.pnpm/css-loader@6.8.1_webpack@5.97.1/node_modules/css-loader/dist/cjs.js!../../common/temp/node_modules/.pnpm/sass-loader@13.3.3_sass@1.83.1+webpack@5.97.1/node_modules/sass-loader/dist/cjs.js!./src/webview/components/detail/detail-header/index.scss)
Module Warning (from ../../common/temp/node_modules/.pnpm/sass-loader@13.3.3_sass@1.83.1+webpack@5.97.1/node_modules/sass-loader/dist/cjs.js):
Deprecation The legacy JS API is deprecated and will be removed in Dart Sass 2.0.0.

More info: https://sass-lang.com/d/legacy-js-api
 @ ./src/webview/components/detail/detail-header/index.scss 8:6-316 22:17-24 26:0-286 26:0-286 27:22-29 27:33-47 27:50-64
 @ ./src/webview/components/detail/detail-header/index.tsx 14:0-23
 @ ./src/webview/entries/detail.tsx 34:24-69

WARNING in ./src/webview/components/detail/extension-manifest/index.scss (../../common/temp/node_modules/.pnpm/css-loader@6.8.1_webpack@5.97.1/node_modules/css-loader/dist/cjs.js!../../common/temp/node_modules/.pnpm/sass-loader@13.3.3_sass@1.83.1+webpack@5.97.1/node_modules/sass-loader/dist/cjs.js!./src/webview/components/detail/extension-manifest/index.scss)
Module Warning (from ../../common/temp/node_modules/.pnpm/sass-loader@13.3.3_sass@1.83.1+webpack@5.97.1/node_modules/sass-loader/dist/cjs.js):
Deprecation The legacy JS API is deprecated and will be removed in Dart Sass 2.0.0.

More info: https://sass-lang.com/d/legacy-js-api
 @ ./src/webview/components/detail/extension-manifest/index.scss 8:6-316 22:17-24 26:0-286 26:0-286 27:22-29 27:33-47 27:50-64
 @ ./src/webview/components/detail/extension-manifest/index.tsx 32:0-23
 @ ./src/webview/entries/detail.tsx 39:29-79

WARNING in ./src/webview/components/detail/extension-manifest/renderer/index.scss (../../common/temp/node_modules/.pnpm/css-loader@6.8.1_webpack@5.97.1/node_modules/css-loader/dist/cjs.js!../../common/temp/node_modules/.pnpm/sass-loader@13.3.3_sass@1.83.1+webpack@5.97.1/node_modules/sass-loader/dist/cjs.js!./src/webview/components/detail/extension-manifest/renderer/index.scss)
Module Warning (from ../../common/temp/node_modules/.pnpm/sass-loader@13.3.3_sass@1.83.1+webpack@5.97.1/node_modules/sass-loader/dist/cjs.js):
Deprecation The legacy JS API is deprecated and will be removed in Dart Sass 2.0.0.

More info: https://sass-lang.com/d/legacy-js-api
 @ ./src/webview/components/detail/extension-manifest/renderer/index.scss 8:6-322 22:17-24 26:0-292 26:0-292 27:22-29 27:33-47 27:50-64
 @ ./src/webview/components/detail/extension-manifest/renderer/index.tsx 12:0-23
 @ ./src/webview/components/detail/extension-manifest/index.tsx 34:19-40
 @ ./src/webview/entries/detail.tsx 39:29-79

WARNING in ./src/webview/components/detail/extension-manifest/renderer/markdown-and-table-renderer/index.scss (../../common/temp/node_modules/.pnpm/css-loader@6.8.1_webpack@5.97.1/node_modules/css-loader/dist/cjs.js!../../common/temp/node_modules/.pnpm/sass-loader@13.3.3_sass@1.83.1+webpack@5.97.1/node_modules/sass-loader/dist/cjs.js!./src/webview/components/detail/extension-manifest/renderer/markdown-and-table-renderer/index.scss)
Module Warning (from ../../common/temp/node_modules/.pnpm/sass-loader@13.3.3_sass@1.83.1+webpack@5.97.1/node_modules/sass-loader/dist/cjs.js):
Deprecation The legacy JS API is deprecated and will be removed in Dart Sass 2.0.0.

More info: https://sass-lang.com/d/legacy-js-api
 @ ./src/webview/components/detail/extension-manifest/renderer/markdown-and-table-renderer/index.scss 8:6-328 22:17-24 26:0-298 26:0-298 27:22-29 27:33-47 27:50-64
 @ ./src/webview/components/detail/extension-manifest/renderer/markdown-and-table-renderer/index.tsx 11:0-23
 @ ./src/webview/components/detail/extension-manifest/renderer/index.tsx 10:38-78
 @ ./src/webview/components/detail/extension-manifest/index.tsx 34:19-40
 @ ./src/webview/entries/detail.tsx 39:29-79

WARNING in ./src/webview/components/detail/extension-manifest/renderer/markdown-renderer/index.scss (../../common/temp/node_modules/.pnpm/css-loader@6.8.1_webpack@5.97.1/node_modules/css-loader/dist/cjs.js!../../common/temp/node_modules/.pnpm/sass-loader@13.3.3_sass@1.83.1+webpack@5.97.1/node_modules/sass-loader/dist/cjs.js!./src/webview/components/detail/extension-manifest/renderer/markdown-renderer/index.scss)
Module Warning (from ../../common/temp/node_modules/.pnpm/sass-loader@13.3.3_sass@1.83.1+webpack@5.97.1/node_modules/sass-loader/dist/cjs.js):
Deprecation The legacy JS API is deprecated and will be removed in Dart Sass 2.0.0.

More info: https://sass-lang.com/d/legacy-js-api
 @ ./src/webview/components/detail/extension-manifest/renderer/markdown-renderer/index.scss 8:6-328 22:17-24 26:0-298 26:0-298 27:22-29 27:33-47 27:50-64
 @ ./src/webview/components/detail/extension-manifest/renderer/markdown-renderer/index.tsx 7:0-23
 @ ./src/webview/components/detail/extension-manifest/renderer/index.tsx 9:28-58
 @ ./src/webview/components/detail/extension-manifest/index.tsx 34:19-40
 @ ./src/webview/entries/detail.tsx 39:29-79

WARNING in ./src/webview/components/detail/extension-manifest/renderer/table-renderer/index.scss (../../common/temp/node_modules/.pnpm/css-loader@6.8.1_webpack@5.97.1/node_modules/css-loader/dist/cjs.js!../../common/temp/node_modules/.pnpm/sass-loader@13.3.3_sass@1.83.1+webpack@5.97.1/node_modules/sass-loader/dist/cjs.js!./src/webview/components/detail/extension-manifest/renderer/table-renderer/index.scss)
Module Warning (from ../../common/temp/node_modules/.pnpm/sass-loader@13.3.3_sass@1.83.1+webpack@5.97.1/node_modules/sass-loader/dist/cjs.js):
Deprecation The legacy JS API is deprecated and will be removed in Dart Sass 2.0.0.

More info: https://sass-lang.com/d/legacy-js-api
 @ ./src/webview/components/detail/extension-manifest/renderer/table-renderer/index.scss 8:6-328 22:17-24 26:0-298 26:0-298 27:22-29 27:33-47 27:50-64
 @ ./src/webview/components/detail/extension-manifest/renderer/table-renderer/index.tsx 9:0-23
 @ ./src/webview/components/detail/extension-manifest/renderer/index.tsx 8:25-52
 @ ./src/webview/components/detail/extension-manifest/index.tsx 34:19-40
 @ ./src/webview/entries/detail.tsx 39:29-79

WARNING in ./src/webview/components/detail/extension-pack/index.scss (../../common/temp/node_modules/.pnpm/css-loader@6.8.1_webpack@5.97.1/node_modules/css-loader/dist/cjs.js!../../common/temp/node_modules/.pnpm/sass-loader@13.3.3_sass@1.83.1+webpack@5.97.1/node_modules/sass-loader/dist/cjs.js!./src/webview/components/detail/extension-pack/index.scss)
Module Warning (from ../../common/temp/node_modules/.pnpm/sass-loader@13.3.3_sass@1.83.1+webpack@5.97.1/node_modules/sass-loader/dist/cjs.js):
Deprecation The legacy JS API is deprecated and will be removed in Dart Sass 2.0.0.

More info: https://sass-lang.com/d/legacy-js-api
 @ ./src/webview/components/detail/extension-pack/index.scss 8:6-316 22:17-24 26:0-286 26:0-286 27:22-29 27:33-47 27:50-64
 @ ./src/webview/components/detail/extension-pack/index.tsx 32:0-23
 @ ./src/webview/entries/detail.tsx 40:41-87

WARNING in ./src/webview/components/list/extension-list/index.scss (../../common/temp/node_modules/.pnpm/css-loader@6.8.1_webpack@5.97.1/node_modules/css-loader/dist/cjs.js!../../common/temp/node_modules/.pnpm/sass-loader@13.3.3_sass@1.83.1+webpack@5.97.1/node_modules/sass-loader/dist/cjs.js!./src/webview/components/list/extension-list/index.scss)
Module Warning (from ../../common/temp/node_modules/.pnpm/sass-loader@13.3.3_sass@1.83.1+webpack@5.97.1/node_modules/sass-loader/dist/cjs.js):
Deprecation The legacy JS API is deprecated and will be removed in Dart Sass 2.0.0.

More info: https://sass-lang.com/d/legacy-js-api
 @ ./src/webview/components/list/extension-list/index.scss 8:6-316 22:17-24 26:0-286 26:0-286 27:22-29 27:33-47 27:50-64
 @ ./src/webview/components/list/extension-list/index.tsx 32:0-23
 @ ./src/webview/entries/list.tsx 40:25-69

WARNING in ./src/webview/components/list/import-vscode-extension-help/index.scss (../../common/temp/node_modules/.pnpm/css-loader@6.8.1_webpack@5.97.1/node_modules/css-loader/dist/cjs.js!../../common/temp/node_modules/.pnpm/sass-loader@13.3.3_sass@1.83.1+webpack@5.97.1/node_modules/sass-loader/dist/cjs.js!./src/webview/components/list/import-vscode-extension-help/index.scss)
Module Warning (from ../../common/temp/node_modules/.pnpm/sass-loader@13.3.3_sass@1.83.1+webpack@5.97.1/node_modules/sass-loader/dist/cjs.js):
Deprecation The legacy JS API is deprecated and will be removed in Dart Sass 2.0.0.

More info: https://sass-lang.com/d/legacy-js-api
 @ ./src/webview/components/list/import-vscode-extension-help/index.scss 8:6-316 22:17-24 26:0-286 26:0-286 27:22-29 27:33-47 27:50-64
 @ ./src/webview/components/list/import-vscode-extension-help/index.tsx 11:0-23
 @ ./src/webview/entries/list.tsx 42:39-97

WARNING in ./src/webview/components/list/no-extension-found/index.scss (../../common/temp/node_modules/.pnpm/css-loader@6.8.1_webpack@5.97.1/node_modules/css-loader/dist/cjs.js!../../common/temp/node_modules/.pnpm/sass-loader@13.3.3_sass@1.83.1+webpack@5.97.1/node_modules/sass-loader/dist/cjs.js!./src/webview/components/list/no-extension-found/index.scss)
Module Warning (from ../../common/temp/node_modules/.pnpm/sass-loader@13.3.3_sass@1.83.1+webpack@5.97.1/node_modules/sass-loader/dist/cjs.js):
Deprecation The legacy JS API is deprecated and will be removed in Dart Sass 2.0.0.

More info: https://sass-lang.com/d/legacy-js-api
 @ ./src/webview/components/list/no-extension-found/index.scss 8:6-316 22:17-24 26:0-286 26:0-286 27:22-29 27:33-47 27:50-64
 @ ./src/webview/components/list/no-extension-found/index.tsx 12:0-23
 @ ./src/webview/entries/list.tsx 41:29-77

WARNING in ./src/webview/components/list/search-input/index.scss (../../common/temp/node_modules/.pnpm/css-loader@6.8.1_webpack@5.97.1/node_modules/css-loader/dist/cjs.js!../../common/temp/node_modules/.pnpm/sass-loader@13.3.3_sass@1.83.1+webpack@5.97.1/node_modules/sass-loader/dist/cjs.js!./src/webview/components/list/search-input/index.scss)
Module Warning (from ../../common/temp/node_modules/.pnpm/sass-loader@13.3.3_sass@1.83.1+webpack@5.97.1/node_modules/sass-loader/dist/cjs.js):
Deprecation The legacy JS API is deprecated and will be removed in Dart Sass 2.0.0.

More info: https://sass-lang.com/d/legacy-js-api
 @ ./src/webview/components/list/search-input/index.scss 8:6-316 22:17-24 26:0-286 26:0-286 27:22-29 27:33-47 27:50-64
 @ ./src/webview/components/list/search-input/index.tsx 32:0-23
 @ ./src/webview/entries/list.tsx 38:23-65

WARNING in ./src/webview/entries/common.scss (../../common/temp/node_modules/.pnpm/css-loader@6.8.1_webpack@5.97.1/node_modules/css-loader/dist/cjs.js!../../common/temp/node_modules/.pnpm/sass-loader@13.3.3_sass@1.83.1+webpack@5.97.1/node_modules/sass-loader/dist/cjs.js!./src/webview/entries/common.scss)
Module Warning (from ../../common/temp/node_modules/.pnpm/sass-loader@13.3.3_sass@1.83.1+webpack@5.97.1/node_modules/sass-loader/dist/cjs.js):
Deprecation The legacy JS API is deprecated and will be removed in Dart Sass 2.0.0.

More info: https://sass-lang.com/d/legacy-js-api
 @ ./src/webview/entries/common.scss 8:6-305 22:17-24 26:0-275 26:0-275 27:22-29 27:33-47 27:50-64
 @ ./src/webview/entries/detail.tsx 42:0-24

WARNING in ./src/webview/entries/detail.scss (../../common/temp/node_modules/.pnpm/css-loader@6.8.1_webpack@5.97.1/node_modules/css-loader/dist/cjs.js!../../common/temp/node_modules/.pnpm/sass-loader@13.3.3_sass@1.83.1+webpack@5.97.1/node_modules/sass-loader/dist/cjs.js!./src/webview/entries/detail.scss)
Module Warning (from ../../common/temp/node_modules/.pnpm/sass-loader@13.3.3_sass@1.83.1+webpack@5.97.1/node_modules/sass-loader/dist/cjs.js):
Deprecation The legacy JS API is deprecated and will be removed in Dart Sass 2.0.0.

More info: https://sass-lang.com/d/legacy-js-api
 @ ./src/webview/entries/detail.scss 8:6-305 22:17-24 26:0-275 26:0-275 27:22-29 27:33-47 27:50-64
 @ ./src/webview/entries/detail.tsx 43:0-24

WARNING in ./src/webview/entries/list.scss (../../common/temp/node_modules/.pnpm/css-loader@6.8.1_webpack@5.97.1/node_modules/css-loader/dist/cjs.js!../../common/temp/node_modules/.pnpm/sass-loader@13.3.3_sass@1.83.1+webpack@5.97.1/node_modules/sass-loader/dist/cjs.js!./src/webview/entries/list.scss)
Module Warning (from ../../common/temp/node_modules/.pnpm/sass-loader@13.3.3_sass@1.83.1+webpack@5.97.1/node_modules/sass-loader/dist/cjs.js):
Deprecation The legacy JS API is deprecated and will be removed in Dart Sass 2.0.0.

More info: https://sass-lang.com/d/legacy-js-api
 @ ./src/webview/entries/list.scss 8:6-303 22:17-24 26:0-273 26:0-273 27:22-29 27:33-47 27:50-64
 @ ./src/webview/entries/list.tsx 48:0-22

WARNING in asset size limit: The following asset(s) exceed the recommended size limit (244 KiB).
This can impact web performance.
Assets: 
  chunk-arco.7e5f8a183ab6134f5fa3.js (1.51 MiB)
  chunk-radix-ui.7e5f8a183ab6134f5fa3.js (884 KiB)
  170.7e5f8a183ab6134f5fa3.js (1.13 MiB)
  570.7e5f8a183ab6134f5fa3.js (451 KiB)

WARNING in entrypoint size limit: The following entrypoint(s) combined asset size exceeds the recommended limit (244 KiB). This can impact web performance.
Entrypoints:
  detail (4.09 MiB)
      chunk-arco.7e5f8a183ab6134f5fa3.js
      chunk-radix-ui.7e5f8a183ab6134f5fa3.js
      170.7e5f8a183ab6134f5fa3.js
      769.7e5f8a183ab6134f5fa3.js
      570.7e5f8a183ab6134f5fa3.js
      detail.7e5f8a183ab6134f5fa3.js
  list (3.98 MiB)
      chunk-arco.7e5f8a183ab6134f5fa3.js
      chunk-radix-ui.7e5f8a183ab6134f5fa3.js
      170.7e5f8a183ab6134f5fa3.js
      570.7e5f8a183ab6134f5fa3.js
      list.7e5f8a183ab6134f5fa3.js


WARNING in webpack performance recommendations: 
You can limit the size of your bundles by using import() or require.ensure to lazy load some parts of your application.
For more info visit https://webpack.js.org/guides/code-splitting/

webpack 5.97.1 compiled with 23 warnings in 39635 ms
 WARNING  LICENSE, LICENSE.md, or LICENSE.txt not found
 INFO  Files included in the VSIX:
icube-devtool-store-0.0.41.vsix
 [Content_Types].xml 
 extension.vsixmanifest 
 extension/
    README.md [0.14 KB]
    icube-devtool-store.package.error.log [0.33 KB]
    icube-devtool-store.package.log [88.59 KB]
    package.json [4.45 KB]
    package.nls.json [0.11 KB]
    package.nls.zh-cn.json [0.1 KB]
    tsconfig.json [0.53 KB]
    assets/
      extension-default-icon.png [1.03 KB]
      icon-light.svg [2 KB]
      icon.svg [2 KB]
      reset.css [0.27 KB]
      template.html [1.44 KB]
      vscode.css [0.07 KB]
    dist/
      105.extension.js [4.2 KB]
      extension.js [1.04 MB]
    public/
       cn/ (19 files) [4.16 MB]
       sg/ (19 files) [4.16 MB]
       va/ (19 files) [4.16 MB]

=> Run vsce ls --tree to see all included files.

